#! /opt/homebrew/Cellar/icarus-verilog/12.0/bin/vvp
:ivl_version "12.0 (stable)";
:ivl_delay_selection "TYPICAL";
:vpi_time_precision - 12;
:vpi_module "/opt/homebrew/Cellar/icarus-verilog/12.0/lib/ivl/system.vpi";
:vpi_module "/opt/homebrew/Cellar/icarus-verilog/12.0/lib/ivl/vhdl_sys.vpi";
:vpi_module "/opt/homebrew/Cellar/icarus-verilog/12.0/lib/ivl/vhdl_textio.vpi";
:vpi_module "/opt/homebrew/Cellar/icarus-verilog/12.0/lib/ivl/v2005_math.vpi";
:vpi_module "/opt/homebrew/Cellar/icarus-verilog/12.0/lib/ivl/va_math.vpi";
:vpi_module "/opt/homebrew/Cellar/icarus-verilog/12.0/lib/ivl/v2009.vpi";
S_0x1207ec390 .scope package, "$unit" "$unit" 2 1;
 .timescale 0 0;
S_0x1207eb080 .scope module, "FFT_step1_tb" "FFT_step1_tb" 3 2;
 .timescale -12 -12;
    .port_info 0 /OUTPUT 128 "display_stream1_1";
P_0x1207ed510 .param/l "SAMPLES" 0 3 2, +C4<00000000000000000000000000000100>;
P_0x1207ed550 .param/l "STAGE" 0 3 2, +C4<00000000000000000000000000000000>;
P_0x1207ed590 .param/l "WIDTH" 0 3 2, +C4<00000000000000000000000000100000>;
L_0x118040010 .functor BUFT 1, C4<00000000000000000000000001100100>, C4<0>, C4<0>, C4<0>;
L_0x1207f67a0 .functor BUFZ 32, L_0x118040010, C4<00000000000000000000000000000000>, C4<00000000000000000000000000000000>, C4<00000000000000000000000000000000>;
L_0x118040058 .functor BUFT 1, C4<00000000000000000000000010010110>, C4<0>, C4<0>, C4<0>;
L_0x1207f6810 .functor BUFZ 32, L_0x118040058, C4<00000000000000000000000000000000>, C4<00000000000000000000000000000000>, C4<00000000000000000000000000000000>;
L_0x1180400a0 .functor BUFT 1, C4<00000000000000000000000011001000>, C4<0>, C4<0>, C4<0>;
L_0x1207f6880 .functor BUFZ 32, L_0x1180400a0, C4<00000000000000000000000000000000>, C4<00000000000000000000000000000000>, C4<00000000000000000000000000000000>;
L_0x1180400e8 .functor BUFT 1, C4<00000000000000000000000011111010>, C4<0>, C4<0>, C4<0>;
L_0x1207f68f0 .functor BUFZ 32, L_0x1180400e8, C4<00000000000000000000000000000000>, C4<00000000000000000000000000000000>, C4<00000000000000000000000000000000>;
v0x12181e930_0 .array/port v0x12181e930, 0;
L_0x1207ef8a0 .functor BUFZ 32, v0x12181e930_0, C4<00000000000000000000000000000000>, C4<00000000000000000000000000000000>, C4<00000000000000000000000000000000>;
v0x12181e930_1 .array/port v0x12181e930, 1;
L_0x1207f6b80 .functor BUFZ 32, v0x12181e930_1, C4<00000000000000000000000000000000>, C4<00000000000000000000000000000000>, C4<00000000000000000000000000000000>;
v0x12181e930_2 .array/port v0x12181e930, 2;
L_0x1207f6bf0 .functor BUFZ 32, v0x12181e930_2, C4<00000000000000000000000000000000>, C4<00000000000000000000000000000000>, C4<00000000000000000000000000000000>;
v0x12181e930_3 .array/port v0x12181e930, 3;
L_0x1207f6ca0 .functor BUFZ 32, v0x12181e930_3, C4<00000000000000000000000000000000>, C4<00000000000000000000000000000000>, C4<00000000000000000000000000000000>;
L_0x118040d48 .functor BUFT 1, C4<00000000000000000000000000000000>, C4<0>, C4<0>, C4<0>;
v0x12181f380_0 .net/2s *"_ivl_16", 31 0, L_0x118040d48;  1 drivers
v0x12181f440_0 .var "clk", 0 0;
v0x12181f4e0 .array "display_stream1_1", 0 3;
v0x12181f4e0_0 .net v0x12181f4e0 0, 31 0, L_0x1207ef8a0; 1 drivers
v0x12181f4e0_1 .net v0x12181f4e0 1, 31 0, L_0x1207f6b80; 1 drivers
v0x12181f4e0_2 .net v0x12181f4e0 2, 31 0, L_0x1207f6bf0; 1 drivers
v0x12181f4e0_3 .net v0x12181f4e0 3, 31 0, L_0x1207f6ca0; 1 drivers
v0x12181f5d0 .array "sampleInputs", 0 3;
v0x12181f5d0_0 .net v0x12181f5d0 0, 31 0, L_0x118040010; 1 drivers
v0x12181f5d0_1 .net v0x12181f5d0 1, 31 0, L_0x118040058; 1 drivers
v0x12181f5d0_2 .net v0x12181f5d0 2, 31 0, L_0x1180400a0; 1 drivers
v0x12181f5d0_3 .net v0x12181f5d0 3, 31 0, L_0x1180400e8; 1 drivers
L_0x1207f69a0 .part L_0x118040d48, 0, 2;
S_0x121804110 .scope module, "tester" "FFT_step" 3 23, 4 1 0, S_0x1207eb080;
 .timescale 0 0;
    .port_info 0 /INPUT 1 "clk";
    .port_info 1 /INPUT 128 "sampleInputs";
    .port_info 2 /INPUT 2 "stage_number";
    .port_info 3 /OUTPUT 128 "display_stream1_1";
P_0x1218042e0 .param/l "SAMPLES" 0 4 1, +C4<00000000000000000000000000000100>;
P_0x121804320 .param/l "TOTAL_STAGES" 0 4 1, +C4<00000000000000000000000000000000>;
P_0x121804360 .param/l "WIDTH" 0 4 1, +C4<00000000000000000000000000100000>;
L_0x1207f65c0 .functor BUFZ 2, L_0x1207f2490, C4<00>, C4<00>, C4<00>;
L_0x1207f66b0 .functor BUFZ 2, L_0x1207f2870, C4<00>, C4<00>, C4<00>;
L_0x118040130 .functor BUFT 1, C4<01>, C4<0>, C4<0>, C4<0>;
v0x12181cc10_0 .net/2s *"_ivl_0", 1 0, L_0x118040130;  1 drivers
v0x12181ccc0_0 .net *"_ivl_10", 1 0, L_0x1207eeed0;  1 drivers
v0x12181cd70_0 .net *"_ivl_12", 0 0, L_0x1207eedf0;  1 drivers
L_0x1180401c0 .functor BUFT 1, C4<0>, C4<0>, C4<0>, C4<0>;
v0x12181ce30_0 .net *"_ivl_14", 0 0, L_0x1180401c0;  1 drivers
v0x12181cee0_0 .net *"_ivl_17", 1 0, L_0x1207eeff0;  1 drivers
v0x12181cfd0_0 .net *"_ivl_2", 1 0, L_0x1207eeb10;  1 drivers
L_0x118040208 .functor BUFT 1, C4<01>, C4<0>, C4<0>, C4<0>;
v0x12181d080_0 .net/2u *"_ivl_20", 1 0, L_0x118040208;  1 drivers
v0x12181d130_0 .net *"_ivl_22", 1 0, L_0x1207ef210;  1 drivers
v0x12181d1e0_0 .net *"_ivl_24", 1 0, L_0x1207ef4a0;  1 drivers
v0x12181d2f0_0 .net *"_ivl_26", 0 0, L_0x1207ef2f0;  1 drivers
L_0x118040250 .functor BUFT 1, C4<0>, C4<0>, C4<0>, C4<0>;
v0x12181d3a0_0 .net *"_ivl_28", 0 0, L_0x118040250;  1 drivers
v0x12181d450_0 .net *"_ivl_31", 1 0, L_0x1207ef540;  1 drivers
v0x12181d500_0 .net *"_ivl_32", 1 0, L_0x1207ef6c0;  1 drivers
L_0x118040298 .functor BUFT 1, C4<01>, C4<0>, C4<0>, C4<0>;
v0x12181d5b0_0 .net/2u *"_ivl_34", 1 0, L_0x118040298;  1 drivers
v0x12181d660_0 .net *"_ivl_36", 1 0, L_0x1207ef7c0;  1 drivers
L_0x1180402e0 .functor BUFT 1, C4<01>, C4<0>, C4<0>, C4<0>;
v0x12181d710_0 .net/2u *"_ivl_40", 1 0, L_0x1180402e0;  1 drivers
v0x12181d7c0_0 .net *"_ivl_42", 1 0, L_0x1207efa30;  1 drivers
v0x12181d950_0 .net *"_ivl_44", 1 0, L_0x1207efc70;  1 drivers
v0x12181d9e0_0 .net *"_ivl_46", 0 0, L_0x1207efb90;  1 drivers
L_0x118040328 .functor BUFT 1, C4<0>, C4<0>, C4<0>, C4<0>;
v0x12181da90_0 .net *"_ivl_48", 0 0, L_0x118040328;  1 drivers
v0x12181db40_0 .net *"_ivl_51", 1 0, L_0x1207efde0;  1 drivers
L_0x118040370 .functor BUFT 1, C4<01>, C4<0>, C4<0>, C4<0>;
v0x12181dbf0_0 .net/2u *"_ivl_54", 1 0, L_0x118040370;  1 drivers
v0x12181dca0_0 .net *"_ivl_56", 1 0, L_0x1207f0040;  1 drivers
v0x12181dd50_0 .net *"_ivl_58", 1 0, L_0x1207effa0;  1 drivers
L_0x118040178 .functor BUFT 1, C4<01>, C4<0>, C4<0>, C4<0>;
v0x12181de00_0 .net/2u *"_ivl_6", 1 0, L_0x118040178;  1 drivers
v0x12181deb0_0 .net *"_ivl_60", 0 0, L_0x1207f00e0;  1 drivers
L_0x1180403b8 .functor BUFT 1, C4<0>, C4<0>, C4<0>, C4<0>;
v0x12181df60_0 .net *"_ivl_62", 0 0, L_0x1180403b8;  1 drivers
v0x12181e010_0 .net *"_ivl_65", 1 0, L_0x1207f0230;  1 drivers
v0x12181e0c0_0 .net *"_ivl_66", 1 0, L_0x1207f0410;  1 drivers
L_0x118040400 .functor BUFT 1, C4<01>, C4<0>, C4<0>, C4<0>;
v0x12181e170_0 .net/2u *"_ivl_68", 1 0, L_0x118040400;  1 drivers
v0x12181e220_0 .net *"_ivl_70", 1 0, L_0x1207f0590;  1 drivers
v0x12181e2d0_0 .net *"_ivl_76", 3 0, L_0x1207f6350;  1 drivers
L_0x118040cb8 .functor BUFT 1, C4<00>, C4<0>, C4<0>, C4<0>;
v0x12181e380_0 .net *"_ivl_79", 1 0, L_0x118040cb8;  1 drivers
v0x12181d870_0 .net *"_ivl_8", 1 0, L_0x1207eecd0;  1 drivers
v0x12181e610_0 .net *"_ivl_82", 3 0, L_0x1207f64e0;  1 drivers
L_0x118040d00 .functor BUFT 1, C4<00>, C4<0>, C4<0>, C4<0>;
v0x12181e6a0_0 .net *"_ivl_85", 1 0, L_0x118040d00;  1 drivers
v0x12181e740_0 .net "clk", 0 0, v0x12181f440_0;  1 drivers
v0x12181e7e0_0 .net "dispOut1", 31 0, L_0x1207f5890;  1 drivers
v0x12181e8a0_0 .net "dispOut2", 31 0, L_0x1207f5f50;  1 drivers
v0x12181e930 .array "display_stream1_1", 0 3, 31 0;
v0x12181e9c0_0 .var "idx", 1 0;
v0x12181ea70_0 .net "in1_dx", 1 0, L_0x1207ef0d0;  1 drivers
v0x12181eb20_0 .net "in2_dx", 1 0, L_0x1207ef990;  1 drivers
v0x12181ebd0_0 .var "jdx", 1 0;
v0x12181ec80_0 .var "jdx_finish", 0 0;
v0x12181ed20_0 .net "out1_dx", 1 0, L_0x1207efec0;  1 drivers
v0x12181edd0_0 .net "out2_dx", 1 0, L_0x1207f0700;  1 drivers
v0x12181ee80 .array "sampleInputs", 0 3;
v0x12181ee80_0 .net v0x12181ee80 0, 31 0, L_0x1207f67a0; 1 drivers
v0x12181ee80_1 .net v0x12181ee80 1, 31 0, L_0x1207f6810; 1 drivers
v0x12181ee80_2 .net v0x12181ee80 2, 31 0, L_0x1207f6880; 1 drivers
v0x12181ee80_3 .net v0x12181ee80 3, 31 0, L_0x1207f68f0; 1 drivers
v0x12181ef80 .array "signOfMultiplication", 0 1, 1 0;
v0x12181f050_0 .net "stage_number", 1 0, L_0x1207f69a0;  1 drivers
v0x12181f100_0 .net "twiddle_factor_to_use2", 31 0, L_0x1207f1300;  1 drivers
v0x12181f1e0_0 .var "which_factor2", 0 0;
v0x12181f280_0 .net "which_factor2_MASK", 0 0, L_0x1207eebf0;  1 drivers
E_0x1218045a0 .event posedge, v0x12181e740_0;
L_0x1207eeb10 .shift/l 2, L_0x118040130, L_0x1207f69a0;
L_0x1207eebf0 .part L_0x1207eeb10, 0, 1;
L_0x1207eecd0 .shift/l 2, L_0x118040178, L_0x1207f69a0;
L_0x1207eedf0 .part L_0x1207eecd0, 0, 1;
L_0x1207eeed0 .concat [ 1 1 0 0], L_0x1180401c0, L_0x1207eedf0;
L_0x1207eeff0 .arith/mult 2, v0x12181e9c0_0, L_0x1207eeed0;
L_0x1207ef0d0 .arith/sum 2, L_0x1207eeff0, v0x12181ebd0_0;
L_0x1207ef210 .shift/l 2, L_0x118040208, L_0x1207f69a0;
L_0x1207ef2f0 .part L_0x1207ef210, 0, 1;
L_0x1207ef4a0 .concat [ 1 1 0 0], L_0x118040250, L_0x1207ef2f0;
L_0x1207ef540 .arith/mult 2, v0x12181e9c0_0, L_0x1207ef4a0;
L_0x1207ef6c0 .arith/sum 2, L_0x1207ef540, v0x12181ebd0_0;
L_0x1207ef7c0 .shift/l 2, L_0x118040298, L_0x1207f69a0;
L_0x1207ef990 .arith/sum 2, L_0x1207ef6c0, L_0x1207ef7c0;
L_0x1207efa30 .shift/l 2, L_0x1180402e0, L_0x1207f69a0;
L_0x1207efb90 .part L_0x1207efa30, 0, 1;
L_0x1207efc70 .concat [ 1 1 0 0], L_0x118040328, L_0x1207efb90;
L_0x1207efde0 .arith/mult 2, v0x12181e9c0_0, L_0x1207efc70;
L_0x1207efec0 .arith/sum 2, L_0x1207efde0, v0x12181ebd0_0;
L_0x1207f0040 .shift/l 2, L_0x118040370, L_0x1207f69a0;
L_0x1207f00e0 .part L_0x1207f0040, 0, 1;
L_0x1207effa0 .concat [ 1 1 0 0], L_0x1180403b8, L_0x1207f00e0;
L_0x1207f0230 .arith/mult 2, v0x12181e9c0_0, L_0x1207effa0;
L_0x1207f0410 .arith/sum 2, L_0x1207f0230, v0x12181ebd0_0;
L_0x1207f0590 .shift/l 2, L_0x118040400, L_0x1207f69a0;
L_0x1207f0700 .arith/sum 2, L_0x1207f0410, L_0x1207f0590;
L_0x1207f61d0 .array/port v0x12181ee80, L_0x1207f6350;
L_0x1207f6350 .concat [ 2 2 0 0], L_0x1207ef0d0, L_0x118040cb8;
L_0x1207f0630 .array/port v0x12181ee80, L_0x1207f64e0;
L_0x1207f64e0 .concat [ 2 2 0 0], L_0x1207ef990, L_0x118040d00;
S_0x1218045f0 .scope module, "butterfly2" "ButterflyUnit" 4 34, 5 1 0, S_0x121804110;
 .timescale 0 0;
    .port_info 0 /INPUT 32 "input1";
    .port_info 1 /INPUT 32 "input2";
    .port_info 2 /INPUT 32 "twiddle";
    .port_info 3 /OUTPUT 32 "output1";
    .port_info 4 /OUTPUT 32 "output2";
    .port_info 5 /OUTPUT 4 "signOfMultiplication";
P_0x1218047c0 .param/l "DIVIDER" 1 5 12, +C4<00000000000000001000000000000000>;
P_0x121804800 .param/l "SAMPLES" 0 5 1, +C4<00000000000000000000000000000100>;
P_0x121804840 .param/l "SHIFTER" 1 5 13, +C4<000000000000000000000000000001111>;
P_0x121804880 .param/l "WIDTH" 0 5 1, +C4<00000000000000000000000000100000>;
v0x121817490_0 .net *"_ivl_100", 31 0, L_0x1207f3dd0;  1 drivers
L_0x118040958 .functor BUFT 1, C4<0000000000000000>, C4<0>, C4<0>, C4<0>;
v0x121817550_0 .net *"_ivl_103", 15 0, L_0x118040958;  1 drivers
v0x1218175f0_0 .net *"_ivl_104", 31 0, L_0x1207f4000;  1 drivers
L_0x1180409a0 .functor BUFT 1, C4<0000000000000000>, C4<0>, C4<0>, C4<0>;
v0x1218176a0_0 .net *"_ivl_107", 15 0, L_0x1180409a0;  1 drivers
v0x121817750_0 .net *"_ivl_109", 31 0, L_0x1207f4370;  1 drivers
L_0x1180409e8 .functor BUFT 1, C4<00000000000000001000000000000000>, C4<0>, C4<0>, C4<0>;
v0x121817840_0 .net/2u *"_ivl_110", 31 0, L_0x1180409e8;  1 drivers
v0x1218178f0_0 .net *"_ivl_112", 31 0, L_0x1207f4260;  1 drivers
L_0x118040a30 .functor BUFT 1, C4<00000000000000000000000000000001>, C4<0>, C4<0>, C4<0>;
v0x1218179a0_0 .net/2u *"_ivl_114", 31 0, L_0x118040a30;  1 drivers
v0x121817a50_0 .net *"_ivl_118", 0 0, L_0x1207f45b0;  1 drivers
v0x121817b60_0 .net *"_ivl_119", 31 0, L_0x1207f4450;  1 drivers
L_0x118040a78 .functor BUFT 1, C4<0000000000000000000000000000000>, C4<0>, C4<0>, C4<0>;
v0x121817c10_0 .net *"_ivl_122", 30 0, L_0x118040a78;  1 drivers
L_0x118040ac0 .functor BUFT 1, C4<00000000000000000000000000000010>, C4<0>, C4<0>, C4<0>;
v0x121817cc0_0 .net/2u *"_ivl_123", 31 0, L_0x118040ac0;  1 drivers
v0x121817d70_0 .net *"_ivl_126", 31 0, L_0x1207f4780;  1 drivers
v0x121817e20_0 .net *"_ivl_127", 31 0, L_0x1207f4650;  1 drivers
v0x121817ed0_0 .net *"_ivl_130", 31 0, L_0x1207f4a20;  1 drivers
v0x121817f80_0 .net *"_ivl_133", 31 0, L_0x1207f4c50;  1 drivers
L_0x118040b08 .functor BUFT 1, C4<0000000000000000>, C4<0>, C4<0>, C4<0>;
v0x121818030_0 .net *"_ivl_136", 15 0, L_0x118040b08;  1 drivers
v0x1218181c0_0 .net *"_ivl_137", 31 0, L_0x1207f4b00;  1 drivers
L_0x118040b50 .functor BUFT 1, C4<0000000000000000>, C4<0>, C4<0>, C4<0>;
v0x121818250_0 .net *"_ivl_140", 15 0, L_0x118040b50;  1 drivers
v0x121818300_0 .net *"_ivl_142", 31 0, L_0x1207f4ed0;  1 drivers
L_0x118040b98 .functor BUFT 1, C4<00000000000000001000000000000000>, C4<0>, C4<0>, C4<0>;
v0x1218183b0_0 .net/2u *"_ivl_143", 31 0, L_0x118040b98;  1 drivers
v0x121818460_0 .net *"_ivl_145", 31 0, L_0x1207f4d70;  1 drivers
L_0x118040be0 .functor BUFT 1, C4<00000000000000000000000000000001>, C4<0>, C4<0>, C4<0>;
v0x121818510_0 .net/2u *"_ivl_147", 31 0, L_0x118040be0;  1 drivers
v0x1218185c0_0 .net *"_ivl_15", 0 0, L_0x1207f2350;  1 drivers
v0x121818670_0 .net *"_ivl_151", 0 0, L_0x1207f5120;  1 drivers
v0x121818720_0 .net *"_ivl_152", 31 0, L_0x1207f4fb0;  1 drivers
L_0x118040c28 .functor BUFT 1, C4<0000000000000000000000000000000>, C4<0>, C4<0>, C4<0>;
v0x1218187d0_0 .net *"_ivl_155", 30 0, L_0x118040c28;  1 drivers
L_0x118040c70 .functor BUFT 1, C4<00000000000000000000000000000010>, C4<0>, C4<0>, C4<0>;
v0x121818880_0 .net/2u *"_ivl_156", 31 0, L_0x118040c70;  1 drivers
v0x121818930_0 .net *"_ivl_159", 31 0, L_0x1207f5340;  1 drivers
v0x1218189e0_0 .net *"_ivl_160", 31 0, L_0x1207f51c0;  1 drivers
v0x121818a90_0 .net *"_ivl_163", 31 0, L_0x1207f5570;  1 drivers
v0x121818b40_0 .net *"_ivl_172", 15 0, L_0x1207f5a40;  1 drivers
v0x121818bf0_0 .net *"_ivl_177", 15 0, L_0x1207f5970;  1 drivers
v0x1218180e0_0 .net *"_ivl_181", 15 0, L_0x1207f5b20;  1 drivers
v0x121818e80_0 .net *"_ivl_186", 15 0, L_0x1207f5d80;  1 drivers
v0x121818f10_0 .net *"_ivl_21", 0 0, L_0x1207f2530;  1 drivers
v0x121818fb0_0 .net *"_ivl_26", 0 0, L_0x1207f26f0;  1 drivers
v0x121819060_0 .net *"_ivl_32", 0 0, L_0x1207f2910;  1 drivers
v0x121819110_0 .net *"_ivl_34", 31 0, L_0x1207f2ab0;  1 drivers
L_0x1180405f8 .functor BUFT 1, C4<0000000000000000>, C4<0>, C4<0>, C4<0>;
v0x1218191c0_0 .net *"_ivl_37", 15 0, L_0x1180405f8;  1 drivers
v0x121819270_0 .net *"_ivl_38", 31 0, L_0x1207f2bc0;  1 drivers
L_0x118040640 .functor BUFT 1, C4<0000000000000000>, C4<0>, C4<0>, C4<0>;
v0x121819320_0 .net *"_ivl_41", 15 0, L_0x118040640;  1 drivers
v0x1218193d0_0 .net *"_ivl_43", 31 0, L_0x1207f2c60;  1 drivers
L_0x118040688 .functor BUFT 1, C4<00000000000000001000000000000000>, C4<0>, C4<0>, C4<0>;
v0x121819480_0 .net/2u *"_ivl_44", 31 0, L_0x118040688;  1 drivers
v0x121819530_0 .net *"_ivl_46", 31 0, L_0x1207f2d80;  1 drivers
L_0x1180406d0 .functor BUFT 1, C4<00000000000000000000000000000001>, C4<0>, C4<0>, C4<0>;
v0x1218195e0_0 .net/2u *"_ivl_48", 31 0, L_0x1180406d0;  1 drivers
v0x121819690_0 .net *"_ivl_52", 0 0, L_0x1207f2e20;  1 drivers
v0x121819740_0 .net *"_ivl_53", 31 0, L_0x1207f2f90;  1 drivers
L_0x118040718 .functor BUFT 1, C4<0000000000000000000000000000000>, C4<0>, C4<0>, C4<0>;
v0x1218197f0_0 .net *"_ivl_56", 30 0, L_0x118040718;  1 drivers
L_0x118040760 .functor BUFT 1, C4<00000000000000000000000000000010>, C4<0>, C4<0>, C4<0>;
v0x1218198a0_0 .net/2u *"_ivl_57", 31 0, L_0x118040760;  1 drivers
v0x121819950_0 .net *"_ivl_60", 31 0, L_0x1207f3070;  1 drivers
v0x121819a00_0 .net *"_ivl_61", 31 0, L_0x1207f31f0;  1 drivers
v0x121819ab0_0 .net *"_ivl_64", 31 0, L_0x1207f32f0;  1 drivers
v0x121819b60_0 .net *"_ivl_67", 31 0, L_0x1207f34c0;  1 drivers
L_0x1180407a8 .functor BUFT 1, C4<0000000000000000>, C4<0>, C4<0>, C4<0>;
v0x121819c10_0 .net *"_ivl_70", 15 0, L_0x1180407a8;  1 drivers
v0x121819cc0_0 .net *"_ivl_71", 31 0, L_0x1207f33d0;  1 drivers
L_0x1180407f0 .functor BUFT 1, C4<0000000000000000>, C4<0>, C4<0>, C4<0>;
v0x121819d70_0 .net *"_ivl_74", 15 0, L_0x1180407f0;  1 drivers
v0x121819e20_0 .net *"_ivl_76", 31 0, L_0x1207f36e0;  1 drivers
L_0x118040838 .functor BUFT 1, C4<00000000000000001000000000000000>, C4<0>, C4<0>, C4<0>;
v0x121819ed0_0 .net/2u *"_ivl_77", 31 0, L_0x118040838;  1 drivers
v0x121819f80_0 .net *"_ivl_79", 31 0, L_0x1207f38d0;  1 drivers
L_0x118040880 .functor BUFT 1, C4<00000000000000000000000000000001>, C4<0>, C4<0>, C4<0>;
v0x12181a030_0 .net/2u *"_ivl_81", 31 0, L_0x118040880;  1 drivers
v0x12181a0e0_0 .net *"_ivl_85", 0 0, L_0x1207f39b0;  1 drivers
v0x12181a190_0 .net *"_ivl_86", 31 0, L_0x1207f3b30;  1 drivers
L_0x1180408c8 .functor BUFT 1, C4<0000000000000000000000000000000>, C4<0>, C4<0>, C4<0>;
v0x12181a240_0 .net *"_ivl_89", 30 0, L_0x1180408c8;  1 drivers
L_0x118040910 .functor BUFT 1, C4<00000000000000000000000000000010>, C4<0>, C4<0>, C4<0>;
v0x12181a2f0_0 .net/2u *"_ivl_90", 31 0, L_0x118040910;  1 drivers
v0x121818ca0_0 .net *"_ivl_93", 31 0, L_0x1207f0820;  1 drivers
v0x121818d50_0 .net *"_ivl_94", 31 0, L_0x1207f3ec0;  1 drivers
v0x12181a380_0 .net *"_ivl_97", 31 0, L_0x1207f3a50;  1 drivers
v0x12181a410_0 .net "input1", 31 0, L_0x1207f61d0;  1 drivers
v0x12181a4a0_0 .net "input1_imag", 15 0, L_0x1207f14d0;  1 drivers
v0x12181a530_0 .net "input1_imag_abs", 15 0, L_0x1207f1c70;  1 drivers
v0x12181a5c0_0 .net "input1_imag_sign", 0 0, L_0x1207f1d20;  1 drivers
v0x12181a650_0 .net "input1_real", 15 0, L_0x1207f15b0;  1 drivers
v0x12181a6e0_0 .net "input1_real_abs", 15 0, L_0x1207f1b10;  1 drivers
v0x12181a770_0 .net "input1_real_sign", 0 0, L_0x1207f1bc0;  1 drivers
v0x12181a820_0 .net "input2", 31 0, L_0x1207f0630;  1 drivers
v0x12181a8b0_0 .net "input2_imag", 15 0, L_0x1207f16d0;  1 drivers
v0x12181a960_0 .net "input2_imag_abs", 15 0, v0x121815d00_0;  1 drivers
v0x12181aa10_0 .net "input2_imag_sign", 0 0, v0x121815da0_0;  1 drivers
v0x12181aac0_0 .net "input2_real", 15 0, L_0x1207f17b0;  1 drivers
v0x12181ab70_0 .net "input2_real_abs", 15 0, v0x1218163f0_0;  1 drivers
v0x12181ac20_0 .net "input2_real_sign", 0 0, v0x121816490_0;  1 drivers
v0x12181acd0_0 .net "output1", 31 0, L_0x1207f5890;  alias, 1 drivers
v0x12181ad60_0 .net "output2", 31 0, L_0x1207f5f50;  alias, 1 drivers
v0x12181adf0_0 .net "output_imag_B_times_W", 15 0, L_0x1207f5650;  1 drivers
v0x12181aea0_0 .net "output_imag_B_times_W_with_twiddle_imag", 15 0, L_0x1207f4100;  1 drivers
v0x12181af50_0 .net "output_imag_B_times_W_with_twiddle_real", 15 0, L_0x1207f53e0;  1 drivers
v0x12181b000_0 .net "output_real_B_times_W", 15 0, L_0x1207f54c0;  1 drivers
v0x12181b0b0_0 .net "output_real_B_times_W_with_twiddle_imag", 15 0, L_0x1207f3150;  1 drivers
v0x12181b160_0 .net "output_real_B_times_W_with_twiddle_real", 15 0, L_0x1207f48a0;  1 drivers
v0x12181b210 .array "signOfMultiplication", 0 1;
v0x12181b210_0 .net v0x12181b210 0, 1 0, L_0x1207f2490; 1 drivers
v0x12181b210_1 .net v0x12181b210 1, 1 0, L_0x1207f2870; 1 drivers
v0x12181b2e0_0 .net "twiddle", 31 0, L_0x1207f1300;  alias, 1 drivers
v0x12181b390_0 .net "twiddle_imag", 15 0, L_0x1207f18d0;  1 drivers
v0x12181b450_0 .net "twiddle_imag_abs", 15 0, v0x121816b00_0;  1 drivers
v0x12181b500_0 .net "twiddle_imag_sign", 0 0, v0x121816ba0_0;  1 drivers
v0x12181b5b0_0 .net "twiddle_real", 15 0, L_0x1207f1a30;  1 drivers
v0x12181b660_0 .net "twiddle_real_abs", 15 0, v0x1218171f0_0;  1 drivers
v0x12181b710_0 .net "twiddle_real_sign", 0 0, v0x121817290_0;  1 drivers
L_0x1207f14d0 .part L_0x1207f61d0, 16, 16;
L_0x1207f15b0 .part L_0x1207f61d0, 0, 16;
L_0x1207f16d0 .part L_0x1207f0630, 16, 16;
L_0x1207f17b0 .part L_0x1207f0630, 0, 16;
L_0x1207f18d0 .part L_0x1207f1300, 16, 16;
L_0x1207f1a30 .part L_0x1207f1300, 0, 16;
L_0x1207f2350 .arith/sum 1, v0x121816490_0, v0x121817290_0;
L_0x1207f2490 .concat8 [ 1 1 0 0], L_0x1207f2350, L_0x1207f2530;
L_0x1207f2530 .arith/sum 1, v0x121816490_0, v0x121816ba0_0;
L_0x1207f26f0 .arith/sum 1, v0x121815da0_0, v0x121817290_0;
L_0x1207f2870 .concat8 [ 1 1 0 0], L_0x1207f26f0, L_0x1207f2910;
L_0x1207f2910 .arith/sum 1, v0x121815da0_0, v0x121816ba0_0;
L_0x1207f2ab0 .concat [ 16 16 0 0], v0x121815d00_0, L_0x1180405f8;
L_0x1207f2bc0 .concat [ 16 16 0 0], v0x121816b00_0, L_0x118040640;
L_0x1207f2c60 .arith/mult 32, L_0x1207f2ab0, L_0x1207f2bc0;
L_0x1207f2d80 .arith/div 32, L_0x1207f2c60, L_0x118040688;
L_0x1207f2e20 .part L_0x1207f2870, 1, 1;
L_0x1207f2f90 .concat [ 1 31 0 0], L_0x1207f2e20, L_0x118040718;
L_0x1207f3070 .arith/mult 32, L_0x1207f2f90, L_0x118040760;
L_0x1207f31f0 .arith/sub 32, L_0x1180406d0, L_0x1207f3070;
L_0x1207f32f0 .arith/mult 32, L_0x1207f2d80, L_0x1207f31f0;
L_0x1207f3150 .part L_0x1207f32f0, 0, 16;
L_0x1207f34c0 .concat [ 16 16 0 0], v0x1218163f0_0, L_0x1180407a8;
L_0x1207f33d0 .concat [ 16 16 0 0], v0x121816b00_0, L_0x1180407f0;
L_0x1207f36e0 .arith/mult 32, L_0x1207f34c0, L_0x1207f33d0;
L_0x1207f38d0 .arith/div 32, L_0x1207f36e0, L_0x118040838;
L_0x1207f39b0 .part L_0x1207f2490, 1, 1;
L_0x1207f3b30 .concat [ 1 31 0 0], L_0x1207f39b0, L_0x1180408c8;
L_0x1207f0820 .arith/mult 32, L_0x1207f3b30, L_0x118040910;
L_0x1207f3ec0 .arith/sub 32, L_0x118040880, L_0x1207f0820;
L_0x1207f3a50 .arith/mult 32, L_0x1207f38d0, L_0x1207f3ec0;
L_0x1207f4100 .part L_0x1207f3a50, 0, 16;
L_0x1207f3dd0 .concat [ 16 16 0 0], v0x1218163f0_0, L_0x118040958;
L_0x1207f4000 .concat [ 16 16 0 0], v0x1218171f0_0, L_0x1180409a0;
L_0x1207f4370 .arith/mult 32, L_0x1207f3dd0, L_0x1207f4000;
L_0x1207f4260 .arith/div 32, L_0x1207f4370, L_0x1180409e8;
L_0x1207f45b0 .part L_0x1207f2490, 0, 1;
L_0x1207f4450 .concat [ 1 31 0 0], L_0x1207f45b0, L_0x118040a78;
L_0x1207f4780 .arith/mult 32, L_0x1207f4450, L_0x118040ac0;
L_0x1207f4650 .arith/sub 32, L_0x118040a30, L_0x1207f4780;
L_0x1207f4a20 .arith/mult 32, L_0x1207f4260, L_0x1207f4650;
L_0x1207f48a0 .part L_0x1207f4a20, 0, 16;
L_0x1207f4c50 .concat [ 16 16 0 0], v0x121815d00_0, L_0x118040b08;
L_0x1207f4b00 .concat [ 16 16 0 0], v0x1218171f0_0, L_0x118040b50;
L_0x1207f4ed0 .arith/mult 32, L_0x1207f4c50, L_0x1207f4b00;
L_0x1207f4d70 .arith/div 32, L_0x1207f4ed0, L_0x118040b98;
L_0x1207f5120 .part L_0x1207f2870, 0, 1;
L_0x1207f4fb0 .concat [ 1 31 0 0], L_0x1207f5120, L_0x118040c28;
L_0x1207f5340 .arith/mult 32, L_0x1207f4fb0, L_0x118040c70;
L_0x1207f51c0 .arith/sub 32, L_0x118040be0, L_0x1207f5340;
L_0x1207f5570 .arith/mult 32, L_0x1207f4d70, L_0x1207f51c0;
L_0x1207f53e0 .part L_0x1207f5570, 0, 16;
L_0x1207f54c0 .arith/sum 16, L_0x1207f48a0, L_0x1207f3150;
L_0x1207f5650 .arith/sub 16, L_0x1207f53e0, L_0x1207f4100;
L_0x1207f5a40 .arith/sum 16, L_0x1207f14d0, L_0x1207f5650;
L_0x1207f5890 .concat8 [ 16 16 0 0], L_0x1207f5970, L_0x1207f5a40;
L_0x1207f5970 .arith/sum 16, L_0x1207f15b0, L_0x1207f54c0;
L_0x1207f5b20 .arith/sub 16, L_0x1207f14d0, L_0x1207f5650;
L_0x1207f5f50 .concat8 [ 16 16 0 0], L_0x1207f5d80, L_0x1207f5b20;
L_0x1207f5d80 .arith/sub 16, L_0x1207f15b0, L_0x1207f54c0;
S_0x121804b90 .scope module, "input1_imag_getter" "absolute_value" 5 47, 6 1 0, S_0x1218045f0;
 .timescale 0 0;
    .port_info 0 /INPUT 16 "input1";
    .port_info 1 /OUTPUT 16 "output1";
    .port_info 2 /OUTPUT 1 "negativeSign";
P_0x121804d00 .param/l "WIDTH" 0 6 1, +C4<00000000000000000000000000010000>;
L_0x1207f1c70 .functor BUFZ 16, v0x121814f10_0, C4<0000000000000000>, C4<0000000000000000>, C4<0000000000000000>;
L_0x1207f1d20 .functor BUFZ 1, v0x121814fb0_0, C4<0>, C4<0>, C4<0>;
v0x121804e50_0 .net "input1", 15 0, L_0x1207f14d0;  alias, 1 drivers
v0x121814f10_0 .var "mid1", 15 0;
v0x121814fb0_0 .var "mid2", 0 0;
v0x121815040_0 .net "negativeSign", 0 0, L_0x1207f1d20;  alias, 1 drivers
v0x1218150d0_0 .net "output1", 15 0, L_0x1207f1c70;  alias, 1 drivers
E_0x121804df0 .event anyedge, v0x121804e50_0;
S_0x1218151b0 .scope module, "input1_real_getter" "absolute_value" 5 44, 6 1 0, S_0x1218045f0;
 .timescale 0 0;
    .port_info 0 /INPUT 16 "input1";
    .port_info 1 /OUTPUT 16 "output1";
    .port_info 2 /OUTPUT 1 "negativeSign";
P_0x121815380 .param/l "WIDTH" 0 6 1, +C4<00000000000000000000000000010000>;
L_0x1207f1b10 .functor BUFZ 16, v0x121815600_0, C4<0000000000000000>, C4<0000000000000000>, C4<0000000000000000>;
L_0x1207f1bc0 .functor BUFZ 1, v0x1218156a0_0, C4<0>, C4<0>, C4<0>;
v0x121815540_0 .net "input1", 15 0, L_0x1207f15b0;  alias, 1 drivers
v0x121815600_0 .var "mid1", 15 0;
v0x1218156a0_0 .var "mid2", 0 0;
v0x121815730_0 .net "negativeSign", 0 0, L_0x1207f1bc0;  alias, 1 drivers
v0x1218157c0_0 .net "output1", 15 0, L_0x1207f1b10;  alias, 1 drivers
E_0x1218154f0 .event anyedge, v0x121815540_0;
S_0x1218158a0 .scope module, "input2_imag_getter" "absolute_value" 5 53, 6 1 0, S_0x1218045f0;
 .timescale 0 0;
    .port_info 0 /INPUT 16 "input1";
    .port_info 1 /OUTPUT 16 "output1";
    .port_info 2 /OUTPUT 1 "negativeSign";
P_0x121815a60 .param/l "WIDTH" 0 6 1, +C4<00000000000000000000000000010000>;
v0x121815c40_0 .net "input1", 15 0, L_0x1207f16d0;  alias, 1 drivers
v0x121815d00_0 .var "mid1", 15 0;
v0x121815da0_0 .var "mid2", 0 0;
v0x121815e30_0 .net "negativeSign", 0 0, v0x121815da0_0;  alias, 1 drivers
v0x121815ec0_0 .net "output1", 15 0, v0x121815d00_0;  alias, 1 drivers
E_0x121815bf0 .event anyedge, v0x121815c40_0;
S_0x121815fa0 .scope module, "input2_real_getter" "absolute_value" 5 50, 6 1 0, S_0x1218045f0;
 .timescale 0 0;
    .port_info 0 /INPUT 16 "input1";
    .port_info 1 /OUTPUT 16 "output1";
    .port_info 2 /OUTPUT 1 "negativeSign";
P_0x121816160 .param/l "WIDTH" 0 6 1, +C4<00000000000000000000000000010000>;
v0x121816330_0 .net "input1", 15 0, L_0x1207f17b0;  alias, 1 drivers
v0x1218163f0_0 .var "mid1", 15 0;
v0x121816490_0 .var "mid2", 0 0;
v0x121816520_0 .net "negativeSign", 0 0, v0x121816490_0;  alias, 1 drivers
v0x1218165b0_0 .net "output1", 15 0, v0x1218163f0_0;  alias, 1 drivers
E_0x1218162d0 .event anyedge, v0x121816330_0;
S_0x121816690 .scope module, "twiddle_imag_getter" "absolute_value" 5 59, 6 1 0, S_0x1218045f0;
 .timescale 0 0;
    .port_info 0 /INPUT 16 "input1";
    .port_info 1 /OUTPUT 16 "output1";
    .port_info 2 /OUTPUT 1 "negativeSign";
P_0x121816890 .param/l "WIDTH" 0 6 1, +C4<00000000000000000000000000010000>;
v0x121816a40_0 .net "input1", 15 0, L_0x1207f18d0;  alias, 1 drivers
v0x121816b00_0 .var "mid1", 15 0;
v0x121816ba0_0 .var "mid2", 0 0;
v0x121816c30_0 .net "negativeSign", 0 0, v0x121816ba0_0;  alias, 1 drivers
v0x121816cc0_0 .net "output1", 15 0, v0x121816b00_0;  alias, 1 drivers
E_0x1218169e0 .event anyedge, v0x121816a40_0;
S_0x121816da0 .scope module, "twiddle_real_getter" "absolute_value" 5 56, 6 1 0, S_0x1218045f0;
 .timescale 0 0;
    .port_info 0 /INPUT 16 "input1";
    .port_info 1 /OUTPUT 16 "output1";
    .port_info 2 /OUTPUT 1 "negativeSign";
P_0x121816f60 .param/l "WIDTH" 0 6 1, +C4<00000000000000000000000000010000>;
v0x121817130_0 .net "input1", 15 0, L_0x1207f1a30;  alias, 1 drivers
v0x1218171f0_0 .var "mid1", 15 0;
v0x121817290_0 .var "mid2", 0 0;
v0x121817320_0 .net "negativeSign", 0 0, v0x121817290_0;  alias, 1 drivers
v0x1218173b0_0 .net "output1", 15 0, v0x1218171f0_0;  alias, 1 drivers
E_0x1218170d0 .event anyedge, v0x121817130_0;
S_0x12181b820 .scope module, "getTwiddleForIteration2" "twiddleFactorCalculator" 4 27, 7 1 0, S_0x121804110;
 .timescale 0 0;
    .port_info 0 /INPUT 1 "which_factor";
    .port_info 1 /OUTPUT 32 "result";
P_0x12181b9f0 .param/l "SAMPLES" 0 7 1, +C4<00000000000000000000000000000010>;
P_0x12181ba30 .param/l "WIDTH" 0 7 1, +C4<00000000000000000000000000100000>;
L_0x1207f0d80 .functor BUFZ 16, L_0x1207f0aa0, C4<0000000000000000>, C4<0000000000000000>, C4<0000000000000000>;
L_0x1207f11e0 .functor BUFZ 16, L_0x1207f0e30, C4<0000000000000000>, C4<0000000000000000>, C4<0000000000000000>;
L_0x1207f1250 .functor BUFZ 16, L_0x1207f11e0, C4<0000000000000000>, C4<0000000000000000>, C4<0000000000000000>;
L_0x1207f13e0 .functor BUFZ 16, L_0x1207f0d80, C4<0000000000000000>, C4<0000000000000000>, C4<0000000000000000>;
L_0x118040448 .functor BUFT 1, C4<00000000000000000000000010000000>, C4<0>, C4<0>, C4<0>;
v0x12181bbc0_0 .net/2u *"_ivl_0", 31 0, L_0x118040448;  1 drivers
v0x12181bc70_0 .net *"_ivl_10", 15 0, L_0x1207f0aa0;  1 drivers
v0x12181bd10_0 .net *"_ivl_12", 31 0, L_0x1207f0b40;  1 drivers
L_0x1180404d8 .functor BUFT 1, C4<0000000000000000000000000000000>, C4<0>, C4<0>, C4<0>;
v0x12181bda0_0 .net *"_ivl_15", 30 0, L_0x1180404d8;  1 drivers
L_0x118040520 .functor BUFT 1, C4<00000000000000000000000010000000>, C4<0>, C4<0>, C4<0>;
v0x12181be30_0 .net/2u *"_ivl_16", 31 0, L_0x118040520;  1 drivers
v0x12181bf00_0 .net *"_ivl_19", 31 0, L_0x1207f0c20;  1 drivers
v0x12181bfb0_0 .net *"_ivl_2", 31 0, L_0x1207f0350;  1 drivers
v0x12181c060_0 .net *"_ivl_22", 15 0, L_0x1207f0e30;  1 drivers
v0x12181c110_0 .net *"_ivl_24", 31 0, L_0x1207f0f10;  1 drivers
L_0x118040568 .functor BUFT 1, C4<0000000000000000000000000000000>, C4<0>, C4<0>, C4<0>;
v0x12181c220_0 .net *"_ivl_27", 30 0, L_0x118040568;  1 drivers
L_0x1180405b0 .functor BUFT 1, C4<00000000000000000000000010000000>, C4<0>, C4<0>, C4<0>;
v0x12181c2d0_0 .net/2u *"_ivl_28", 31 0, L_0x1180405b0;  1 drivers
v0x12181c380_0 .net *"_ivl_31", 31 0, L_0x1207f1030;  1 drivers
v0x12181c430_0 .net *"_ivl_37", 15 0, L_0x1207f1250;  1 drivers
v0x12181c4e0_0 .net *"_ivl_42", 15 0, L_0x1207f13e0;  1 drivers
L_0x118040490 .functor BUFT 1, C4<0000000000000000000000000000000>, C4<0>, C4<0>, C4<0>;
v0x12181c590_0 .net *"_ivl_5", 30 0, L_0x118040490;  1 drivers
v0x12181c640_0 .net *"_ivl_7", 31 0, L_0x1207f0920;  1 drivers
v0x12181c6f0 .array "lookupTableCosines", 0 127, 15 0;
v0x12181c880 .array "lookupTableSines", 0 127, 15 0;
v0x12181c910_0 .net "result", 31 0, L_0x1207f1300;  alias, 1 drivers
v0x12181c9c0_0 .net "result_imag", 15 0, L_0x1207f11e0;  1 drivers
v0x12181ca50_0 .net "result_real", 15 0, L_0x1207f0d80;  1 drivers
v0x12181cae0_0 .net "which_factor", 0 0, v0x12181f1e0_0;  1 drivers
v0x12181cb70_0 .net/2s "x", 31 0, L_0x1207f0a00;  1 drivers
L_0x1207f0350 .concat [ 1 31 0 0], v0x12181f1e0_0, L_0x118040490;
L_0x1207f0920 .arith/mult 32, L_0x118040448, L_0x1207f0350;
L_0x1207f0a00 .cast/2 32, L_0x1207f0920;
L_0x1207f0aa0 .array/port v0x12181c6f0, L_0x1207f0c20;
L_0x1207f0b40 .concat [ 1 31 0 0], v0x12181f1e0_0, L_0x1180404d8;
L_0x1207f0c20 .arith/mult 32, L_0x1207f0b40, L_0x118040520;
L_0x1207f0e30 .array/port v0x12181c880, L_0x1207f1030;
L_0x1207f0f10 .concat [ 1 31 0 0], v0x12181f1e0_0, L_0x118040568;
L_0x1207f1030 .arith/mult 32, L_0x1207f0f10, L_0x1180405b0;
L_0x1207f1300 .concat8 [ 16 16 0 0], L_0x1207f13e0, L_0x1207f1250;
S_0x1207e9d70 .scope module, "prepareForFFT" "prepareForFFT" 8 1;
 .timescale 0 0;
    .port_info 0 /INPUT 8 "input_stream";
    .port_info 1 /INPUT 8 "new_indices";
    .port_info 2 /OUTPUT 8 "output_stream";
P_0x120724e30 .param/l "SAMPLES" 0 8 1, +C4<00000000000000000000000000000100>;
P_0x120724e70 .param/l "WIDTH" 0 8 1, +C4<00000000000000000000000000000010>;
o0x12801ace0 .functor BUFZ 2, C4<zz>; HiZ drive
v0x1207e3330 .array "input_stream", 0 3;
v0x1207e3330_0 .net v0x1207e3330 0, 1 0, o0x12801ace0; 0 drivers
o0x12801ad10 .functor BUFZ 2, C4<zz>; HiZ drive
v0x1207e3330_1 .net v0x1207e3330 1, 1 0, o0x12801ad10; 0 drivers
o0x12801ad40 .functor BUFZ 2, C4<zz>; HiZ drive
v0x1207e3330_2 .net v0x1207e3330 2, 1 0, o0x12801ad40; 0 drivers
o0x12801ad70 .functor BUFZ 2, C4<zz>; HiZ drive
v0x1207e3330_3 .net v0x1207e3330 3, 1 0, o0x12801ad70; 0 drivers
o0x12801ada0 .functor BUFZ 2, C4<zz>; HiZ drive
v0x1207e2f30 .array "new_indices", 0 3;
v0x1207e2f30_0 .net v0x1207e2f30 0, 1 0, o0x12801ada0; 0 drivers
o0x12801add0 .functor BUFZ 2, C4<zz>; HiZ drive
v0x1207e2f30_1 .net v0x1207e2f30 1, 1 0, o0x12801add0; 0 drivers
o0x12801ae00 .functor BUFZ 2, C4<zz>; HiZ drive
v0x1207e2f30_2 .net v0x1207e2f30 2, 1 0, o0x12801ae00; 0 drivers
o0x12801ae30 .functor BUFZ 2, C4<zz>; HiZ drive
v0x1207e2f30_3 .net v0x1207e2f30 3, 1 0, o0x12801ae30; 0 drivers
v0x1207e2b70 .array "output_stream", 0 3;
v0x1207e2b70_0 .net v0x1207e2b70 0, 1 0, L_0x1207f6ed0; 1 drivers
v0x1207e2b70_1 .net v0x1207e2b70 1, 1 0, L_0x1207f7140; 1 drivers
v0x1207e2b70_2 .net v0x1207e2b70 2, 1 0, L_0x1207f73b0; 1 drivers
v0x1207e2b70_3 .net v0x1207e2b70 3, 1 0, L_0x1207f7620; 1 drivers
S_0x1207e7750 .scope generate, "ASSIGNER[0]" "ASSIGNER[0]" 8 16, 8 16 0, S_0x1207e9d70;
 .timescale 0 0;
P_0x12078fb80 .param/l "i" 1 8 16, +C4<00>;
L_0x1207f6ed0 .functor BUFZ 2, L_0x1207f6d10, C4<00>, C4<00>, C4<00>;
v0x12076e000_0 .net *"_ivl_1", 1 0, L_0x1207f6d10;  1 drivers
v0x120715d60_0 .net *"_ivl_4", 3 0, L_0x1207f6db0;  1 drivers
L_0x118040d90 .functor BUFT 1, C4<00>, C4<0>, C4<0>, C4<0>;
v0x1207ec200_0 .net *"_ivl_7", 1 0, L_0x118040d90;  1 drivers
L_0x1207f6d10 .array/port v0x1207e3330, L_0x1207f6db0;
L_0x1207f6db0 .concat [ 2 2 0 0], o0x12801ada0, L_0x118040d90;
S_0x1207e6440 .scope generate, "ASSIGNER[1]" "ASSIGNER[1]" 8 16, 8 16 0, S_0x1207e9d70;
 .timescale 0 0;
P_0x12071bc20 .param/l "i" 1 8 16, +C4<01>;
L_0x1207f7140 .functor BUFZ 2, L_0x1207f6f80, C4<00>, C4<00>, C4<00>;
v0x1207eaef0_0 .net *"_ivl_1", 1 0, L_0x1207f6f80;  1 drivers
v0x1207e9be0_0 .net *"_ivl_4", 3 0, L_0x1207f7020;  1 drivers
L_0x118040dd8 .functor BUFT 1, C4<00>, C4<0>, C4<0>, C4<0>;
v0x1207e88d0_0 .net *"_ivl_7", 1 0, L_0x118040dd8;  1 drivers
L_0x1207f6f80 .array/port v0x1207e3330, L_0x1207f7020;
L_0x1207f7020 .concat [ 2 2 0 0], o0x12801add0, L_0x118040dd8;
S_0x1207d0b80 .scope generate, "ASSIGNER[2]" "ASSIGNER[2]" 8 16, 8 16 0, S_0x1207e9d70;
 .timescale 0 0;
P_0x1207eace0 .param/l "i" 1 8 16, +C4<010>;
L_0x1207f73b0 .functor BUFZ 2, L_0x1207f71f0, C4<00>, C4<00>, C4<00>;
v0x1207e75c0_0 .net *"_ivl_1", 1 0, L_0x1207f71f0;  1 drivers
v0x1207e62b0_0 .net *"_ivl_4", 3 0, L_0x1207f7290;  1 drivers
L_0x118040e20 .functor BUFT 1, C4<00>, C4<0>, C4<0>, C4<0>;
v0x1207e4f40_0 .net *"_ivl_7", 1 0, L_0x118040e20;  1 drivers
L_0x1207f71f0 .array/port v0x1207e3330, L_0x1207f7290;
L_0x1207f7290 .concat [ 2 2 0 0], o0x12801ae00, L_0x118040e20;
S_0x1207cf480 .scope generate, "ASSIGNER[3]" "ASSIGNER[3]" 8 16, 8 16 0, S_0x1207e9d70;
 .timescale 0 0;
P_0x1207e73b0 .param/l "i" 1 8 16, +C4<011>;
L_0x1207f7620 .functor BUFZ 2, L_0x1207f7460, C4<00>, C4<00>, C4<00>;
v0x1207e3e20_0 .net *"_ivl_1", 1 0, L_0x1207f7460;  1 drivers
v0x1207e3a90_0 .net *"_ivl_4", 3 0, L_0x1207f7500;  1 drivers
L_0x118040e68 .functor BUFT 1, C4<00>, C4<0>, C4<0>, C4<0>;
v0x1207e36f0_0 .net *"_ivl_7", 1 0, L_0x118040e68;  1 drivers
L_0x1207f7460 .array/port v0x1207e3330, L_0x1207f7500;
L_0x1207f7500 .concat [ 2 2 0 0], o0x12801ae30, L_0x118040e68;
S_0x1207e8a60 .scope module, "scrambleForFFT_tb" "scrambleForFFT_tb" 9 1;
 .timescale 0 0;
    .port_info 0 /OUTPUT 24 "display_stream";
P_0x120723220 .param/l "SAMPLES" 0 9 1, +C4<00000000000000000000000000001000>;
P_0x120723260 .param/l "WIDTH" 0 9 1, +C4<00000000000000000000000000000011>;
L_0x118040eb0 .functor BUFT 1, C4<000>, C4<0>, C4<0>, C4<0>;
L_0x1207f9710 .functor BUFZ 3, L_0x118040eb0, C4<000>, C4<000>, C4<000>;
L_0x118040ef8 .functor BUFT 1, C4<001>, C4<0>, C4<0>, C4<0>;
L_0x1207f9780 .functor BUFZ 3, L_0x118040ef8, C4<000>, C4<000>, C4<000>;
L_0x118040f40 .functor BUFT 1, C4<010>, C4<0>, C4<0>, C4<0>;
L_0x1207f9830 .functor BUFZ 3, L_0x118040f40, C4<000>, C4<000>, C4<000>;
L_0x118040f88 .functor BUFT 1, C4<011>, C4<0>, C4<0>, C4<0>;
L_0x1207f98e0 .functor BUFZ 3, L_0x118040f88, C4<000>, C4<000>, C4<000>;
L_0x118040fd0 .functor BUFT 1, C4<100>, C4<0>, C4<0>, C4<0>;
L_0x1207f9990 .functor BUFZ 3, L_0x118040fd0, C4<000>, C4<000>, C4<000>;
L_0x118041018 .functor BUFT 1, C4<101>, C4<0>, C4<0>, C4<0>;
L_0x1207f9a40 .functor BUFZ 3, L_0x118041018, C4<000>, C4<000>, C4<000>;
L_0x118041060 .functor BUFT 1, C4<110>, C4<0>, C4<0>, C4<0>;
L_0x1207f9af0 .functor BUFZ 3, L_0x118041060, C4<000>, C4<000>, C4<000>;
L_0x1180410a8 .functor BUFT 1, C4<111>, C4<0>, C4<0>, C4<0>;
L_0x1207f9be0 .functor BUFZ 3, L_0x1180410a8, C4<000>, C4<000>, C4<000>;
L_0x1207f9c90 .functor BUFZ 3, L_0x1207f7850, C4<000>, C4<000>, C4<000>;
L_0x1207f9d50 .functor BUFZ 3, L_0x1207f7c50, C4<000>, C4<000>, C4<000>;
L_0x1207f9dc0 .functor BUFZ 3, L_0x1207f8050, C4<000>, C4<000>, C4<000>;
L_0x1207f9e90 .functor BUFZ 3, L_0x1207f8450, C4<000>, C4<000>, C4<000>;
L_0x1207f9f00 .functor BUFZ 3, L_0x1207f8850, C4<000>, C4<000>, C4<000>;
L_0x1207f9fe0 .functor BUFZ 3, L_0x1207f8c50, C4<000>, C4<000>, C4<000>;
L_0x1207fa050 .functor BUFZ 3, L_0x1207f9050, C4<000>, C4<000>, C4<000>;
L_0x1207f9f70 .functor BUFZ 3, L_0x1207f9450, C4<000>, C4<000>, C4<000>;
v0x1207ee930 .array "display_stream", 0 7;
v0x1207ee930_0 .net v0x1207ee930 0, 2 0, L_0x1207f9c90; 1 drivers
v0x1207ee930_1 .net v0x1207ee930 1, 2 0, L_0x1207f9d50; 1 drivers
v0x1207ee930_2 .net v0x1207ee930 2, 2 0, L_0x1207f9dc0; 1 drivers
v0x1207ee930_3 .net v0x1207ee930 3, 2 0, L_0x1207f9e90; 1 drivers
v0x1207ee930_4 .net v0x1207ee930 4, 2 0, L_0x1207f9f00; 1 drivers
v0x1207ee930_5 .net v0x1207ee930 5, 2 0, L_0x1207f9fe0; 1 drivers
v0x1207ee930_6 .net v0x1207ee930 6, 2 0, L_0x1207fa050; 1 drivers
v0x1207ee930_7 .net v0x1207ee930 7, 2 0, L_0x1207f9f70; 1 drivers
v0x1207eea00 .array "sampleInputs", 0 7;
v0x1207eea00_0 .net v0x1207eea00 0, 2 0, L_0x118040eb0; 1 drivers
v0x1207eea00_1 .net v0x1207eea00 1, 2 0, L_0x118040ef8; 1 drivers
v0x1207eea00_2 .net v0x1207eea00 2, 2 0, L_0x118040f40; 1 drivers
v0x1207eea00_3 .net v0x1207eea00 3, 2 0, L_0x118040f88; 1 drivers
v0x1207eea00_4 .net v0x1207eea00 4, 2 0, L_0x118040fd0; 1 drivers
v0x1207eea00_5 .net v0x1207eea00 5, 2 0, L_0x118041018; 1 drivers
v0x1207eea00_6 .net v0x1207eea00 6, 2 0, L_0x118041060; 1 drivers
v0x1207eea00_7 .net v0x1207eea00 7, 2 0, L_0x1180410a8; 1 drivers
S_0x1207c1750 .scope generate, "SCRAMBLE_INPUTS[0]" "SCRAMBLE_INPUTS[0]" 9 10, 9 10 0, S_0x1207e8a60;
 .timescale 0 0;
P_0x1207c9520 .param/l "i" 1 9 10, +C4<00>;
S_0x1207cd4a0 .scope generate, "SCRAMBLE_INPUTS[1]" "SCRAMBLE_INPUTS[1]" 9 10, 9 10 0, S_0x1207e8a60;
 .timescale 0 0;
P_0x1207c8270 .param/l "i" 1 9 10, +C4<01>;
S_0x1207cbda0 .scope generate, "SCRAMBLE_INPUTS[2]" "SCRAMBLE_INPUTS[2]" 9 10, 9 10 0, S_0x1207e8a60;
 .timescale 0 0;
P_0x120727080 .param/l "i" 1 9 10, +C4<010>;
S_0x1207c1310 .scope generate, "SCRAMBLE_INPUTS[3]" "SCRAMBLE_INPUTS[3]" 9 10, 9 10 0, S_0x1207e8a60;
 .timescale 0 0;
P_0x120726c00 .param/l "i" 1 9 10, +C4<011>;
S_0x1207d2b60 .scope generate, "SCRAMBLE_INPUTS[4]" "SCRAMBLE_INPUTS[4]" 9 10, 9 10 0, S_0x1207e8a60;
 .timescale 0 0;
P_0x1207259d0 .param/l "i" 1 9 10, +C4<0100>;
S_0x1207c0b90 .scope generate, "SCRAMBLE_INPUTS[5]" "SCRAMBLE_INPUTS[5]" 9 10, 9 10 0, S_0x1207e8a60;
 .timescale 0 0;
P_0x1207238a0 .param/l "i" 1 9 10, +C4<0101>;
S_0x1207c6620 .scope generate, "SCRAMBLE_INPUTS[6]" "SCRAMBLE_INPUTS[6]" 9 10, 9 10 0, S_0x1207e8a60;
 .timescale 0 0;
P_0x120721210 .param/l "i" 1 9 10, +C4<0110>;
S_0x1207c62e0 .scope generate, "SCRAMBLE_INPUTS[7]" "SCRAMBLE_INPUTS[7]" 9 10, 9 10 0, S_0x1207e8a60;
 .timescale 0 0;
P_0x120721780 .param/l "i" 1 9 10, +C4<0111>;
S_0x1207c7660 .scope module, "tester" "scrambleForFFT" 9 16, 10 1 0, S_0x1207e8a60;
 .timescale 0 0;
    .port_info 0 /INPUT 24 "input_stream";
    .port_info 1 /OUTPUT 24 "output_stream";
P_0x1207e2fc0 .param/l "SAMPLES" 0 10 1, +C4<00000000000000000000000000001000>;
P_0x1207e3000 .param/l "WIDTH" 0 10 1, +C4<00000000000000000000000000000011>;
v0x1207269b0 .array "input_stream", 0 7;
v0x1207269b0_0 .net v0x1207269b0 0, 2 0, L_0x1207f9710; 1 drivers
v0x1207269b0_1 .net v0x1207269b0 1, 2 0, L_0x1207f9780; 1 drivers
v0x1207269b0_2 .net v0x1207269b0 2, 2 0, L_0x1207f9830; 1 drivers
v0x1207269b0_3 .net v0x1207269b0 3, 2 0, L_0x1207f98e0; 1 drivers
v0x1207269b0_4 .net v0x1207269b0 4, 2 0, L_0x1207f9990; 1 drivers
v0x1207269b0_5 .net v0x1207269b0 5, 2 0, L_0x1207f9a40; 1 drivers
v0x1207269b0_6 .net v0x1207269b0 6, 2 0, L_0x1207f9af0; 1 drivers
v0x1207269b0_7 .net v0x1207269b0 7, 2 0, L_0x1207f9be0; 1 drivers
v0x1207ee8a0 .array "output_stream", 0 7;
v0x1207ee8a0_0 .net v0x1207ee8a0 0, 2 0, L_0x1207f7850; 1 drivers
v0x1207ee8a0_1 .net v0x1207ee8a0 1, 2 0, L_0x1207f7c50; 1 drivers
v0x1207ee8a0_2 .net v0x1207ee8a0 2, 2 0, L_0x1207f8050; 1 drivers
v0x1207ee8a0_3 .net v0x1207ee8a0 3, 2 0, L_0x1207f8450; 1 drivers
v0x1207ee8a0_4 .net v0x1207ee8a0 4, 2 0, L_0x1207f8850; 1 drivers
v0x1207ee8a0_5 .net v0x1207ee8a0 5, 2 0, L_0x1207f8c50; 1 drivers
v0x1207ee8a0_6 .net v0x1207ee8a0 6, 2 0, L_0x1207f9050; 1 drivers
v0x1207ee8a0_7 .net v0x1207ee8a0 7, 2 0, L_0x1207f9450; 1 drivers
S_0x1207c7320 .scope generate, "SCRAMBLE_INPUTS[0]" "SCRAMBLE_INPUTS[0]" 10 9, 10 9 0, S_0x1207c7660;
 .timescale 0 0;
P_0x12071f7c0 .param/l "i" 1 10 9, +C4<00>;
S_0x1207c45a0 .scope module, "E" "Bit_Reversal" 10 10, 11 1 0, S_0x1207c7320;
 .timescale 0 0;
    .port_info 0 /INPUT 3 "input_stream";
    .port_info 1 /OUTPUT 3 "output_stream";
P_0x12076e130 .param/l "WIDTH" 0 11 1, +C4<00000000000000000000000000000011>;
v0x1207dd3b0_0 .net "input_stream", 2 0, L_0x1207f9710;  alias, 1 drivers
v0x120790880_0 .net "output_stream", 2 0, L_0x1207f7850;  alias, 1 drivers
L_0x1207f76d0 .part L_0x1207f9710, 2, 1;
L_0x1207f77b0 .part L_0x1207f9710, 1, 1;
L_0x1207f7850 .concat8 [ 1 1 1 0], L_0x1207f76d0, L_0x1207f77b0, L_0x1207f79b0;
L_0x1207f79b0 .part L_0x1207f9710, 0, 1;
S_0x1207c4260 .scope generate, "REVERSE_LOOP[0]" "REVERSE_LOOP[0]" 11 9, 11 9 0, S_0x1207c45a0;
 .timescale 0 0;
P_0x12076edf0 .param/l "i" 1 11 9, +C4<00>;
v0x1207e27c0_0 .net *"_ivl_0", 0 0, L_0x1207f76d0;  1 drivers
S_0x1207c55e0 .scope generate, "REVERSE_LOOP[1]" "REVERSE_LOOP[1]" 11 9, 11 9 0, S_0x1207c45a0;
 .timescale 0 0;
P_0x120717a60 .param/l "i" 1 11 9, +C4<01>;
v0x120790390_0 .net *"_ivl_0", 0 0, L_0x1207f77b0;  1 drivers
S_0x1207c52a0 .scope generate, "REVERSE_LOOP[2]" "REVERSE_LOOP[2]" 11 9, 11 9 0, S_0x1207c45a0;
 .timescale 0 0;
P_0x1207180f0 .param/l "i" 1 11 9, +C4<010>;
v0x12078fea0_0 .net *"_ivl_0", 0 0, L_0x1207f79b0;  1 drivers
S_0x1207c2550 .scope generate, "SCRAMBLE_INPUTS[1]" "SCRAMBLE_INPUTS[1]" 10 9, 10 9 0, S_0x1207c7660;
 .timescale 0 0;
P_0x120718430 .param/l "i" 1 10 9, +C4<01>;
S_0x1207c2210 .scope module, "E" "Bit_Reversal" 10 10, 11 1 0, S_0x1207c2550;
 .timescale 0 0;
    .port_info 0 /INPUT 3 "input_stream";
    .port_info 1 /OUTPUT 3 "output_stream";
P_0x1207193d0 .param/l "WIDTH" 0 11 1, +C4<00000000000000000000000000000011>;
v0x1207c9b70_0 .net "input_stream", 2 0, L_0x1207f9780;  alias, 1 drivers
v0x1207c93b0_0 .net "output_stream", 2 0, L_0x1207f7c50;  alias, 1 drivers
L_0x1207f7b10 .part L_0x1207f9780, 2, 1;
L_0x1207f7bb0 .part L_0x1207f9780, 1, 1;
L_0x1207f7c50 .concat8 [ 1 1 1 0], L_0x1207f7b10, L_0x1207f7bb0, L_0x1207f7db0;
L_0x1207f7db0 .part L_0x1207f9780, 0, 1;
S_0x1207c3570 .scope generate, "REVERSE_LOOP[0]" "REVERSE_LOOP[0]" 11 9, 11 9 0, S_0x1207c2210;
 .timescale 0 0;
P_0x120717510 .param/l "i" 1 11 9, +C4<00>;
v0x1207da780_0 .net *"_ivl_0", 0 0, L_0x1207f7b10;  1 drivers
S_0x1207c3280 .scope generate, "REVERSE_LOOP[1]" "REVERSE_LOOP[1]" 11 9, 11 9 0, S_0x1207c2210;
 .timescale 0 0;
P_0x120719160 .param/l "i" 1 11 9, +C4<01>;
v0x1207d9ed0_0 .net *"_ivl_0", 0 0, L_0x1207f7bb0;  1 drivers
S_0x1207e16d0 .scope generate, "REVERSE_LOOP[2]" "REVERSE_LOOP[2]" 11 9, 11 9 0, S_0x1207c2210;
 .timescale 0 0;
P_0x120717080 .param/l "i" 1 11 9, +C4<010>;
v0x1207c1980_0 .net *"_ivl_0", 0 0, L_0x1207f7db0;  1 drivers
S_0x1207e0770 .scope generate, "SCRAMBLE_INPUTS[2]" "SCRAMBLE_INPUTS[2]" 10 9, 10 9 0, S_0x1207c7660;
 .timescale 0 0;
P_0x120715c60 .param/l "i" 1 10 9, +C4<010>;
S_0x1207e1f90 .scope module, "E" "Bit_Reversal" 10 10, 11 1 0, S_0x1207e0770;
 .timescale 0 0;
    .port_info 0 /INPUT 3 "input_stream";
    .port_info 1 /OUTPUT 3 "output_stream";
P_0x12070a6b0 .param/l "WIDTH" 0 11 1, +C4<00000000000000000000000000000011>;
v0x1207e51c0_0 .net "input_stream", 2 0, L_0x1207f9830;  alias, 1 drivers
v0x1207e23e0_0 .net "output_stream", 2 0, L_0x1207f8050;  alias, 1 drivers
L_0x1207f7f10 .part L_0x1207f9830, 2, 1;
L_0x1207f7fb0 .part L_0x1207f9830, 1, 1;
L_0x1207f8050 .concat8 [ 1 1 1 0], L_0x1207f7f10, L_0x1207f7fb0, L_0x1207f81b0;
L_0x1207f81b0 .part L_0x1207f9830, 0, 1;
S_0x1207e1030 .scope generate, "REVERSE_LOOP[0]" "REVERSE_LOOP[0]" 11 9, 11 9 0, S_0x1207e1f90;
 .timescale 0 0;
P_0x12070cb50 .param/l "i" 1 11 9, +C4<00>;
v0x1207c8c90_0 .net *"_ivl_0", 0 0, L_0x1207f7f10;  1 drivers
S_0x1207e00d0 .scope generate, "REVERSE_LOOP[1]" "REVERSE_LOOP[1]" 11 9, 11 9 0, S_0x1207e1f90;
 .timescale 0 0;
P_0x120708e10 .param/l "i" 1 11 9, +C4<01>;
v0x1207c83c0_0 .net *"_ivl_0", 0 0, L_0x1207f7fb0;  1 drivers
S_0x1207df800 .scope generate, "REVERSE_LOOP[2]" "REVERSE_LOOP[2]" 11 9, 11 9 0, S_0x1207e1f90;
 .timescale 0 0;
P_0x120707d70 .param/l "i" 1 11 9, +C4<010>;
v0x1207e5130_0 .net *"_ivl_0", 0 0, L_0x1207f81b0;  1 drivers
S_0x1207df170 .scope generate, "SCRAMBLE_INPUTS[3]" "SCRAMBLE_INPUTS[3]" 10 9, 10 9 0, S_0x1207c7660;
 .timescale 0 0;
P_0x1207085a0 .param/l "i" 1 10 9, +C4<011>;
S_0x1207de8a0 .scope module, "E" "Bit_Reversal" 10 10, 11 1 0, S_0x1207df170;
 .timescale 0 0;
    .port_info 0 /INPUT 3 "input_stream";
    .port_info 1 /OUTPUT 3 "output_stream";
P_0x12070c830 .param/l "WIDTH" 0 11 1, +C4<00000000000000000000000000000011>;
v0x1207c0fb0_0 .net "input_stream", 2 0, L_0x1207f98e0;  alias, 1 drivers
v0x1207c1040_0 .net "output_stream", 2 0, L_0x1207f8450;  alias, 1 drivers
L_0x1207f8310 .part L_0x1207f98e0, 2, 1;
L_0x1207f83b0 .part L_0x1207f98e0, 1, 1;
L_0x1207f8450 .concat8 [ 1 1 1 0], L_0x1207f8310, L_0x1207f83b0, L_0x1207f85b0;
L_0x1207f85b0 .part L_0x1207f98e0, 0, 1;
S_0x1207910f0 .scope generate, "REVERSE_LOOP[0]" "REVERSE_LOOP[0]" 11 9, 11 9 0, S_0x1207de8a0;
 .timescale 0 0;
P_0x120709730 .param/l "i" 1 11 9, +C4<00>;
v0x1207e2470_0 .net *"_ivl_0", 0 0, L_0x1207f8310;  1 drivers
S_0x12079bed0 .scope generate, "REVERSE_LOOP[1]" "REVERSE_LOOP[1]" 11 9, 11 9 0, S_0x1207de8a0;
 .timescale 0 0;
P_0x12070c510 .param/l "i" 1 11 9, +C4<01>;
v0x12078f980_0 .net *"_ivl_0", 0 0, L_0x1207f83b0;  1 drivers
S_0x12079aae0 .scope generate, "REVERSE_LOOP[2]" "REVERSE_LOOP[2]" 11 9, 11 9 0, S_0x1207de8a0;
 .timescale 0 0;
P_0x120707930 .param/l "i" 1 11 9, +C4<010>;
v0x12078fa10_0 .net *"_ivl_0", 0 0, L_0x1207f85b0;  1 drivers
S_0x1207d7c90 .scope generate, "SCRAMBLE_INPUTS[4]" "SCRAMBLE_INPUTS[4]" 10 9, 10 9 0, S_0x1207c7660;
 .timescale 0 0;
P_0x120706510 .param/l "i" 1 10 9, +C4<0100>;
S_0x1207d6420 .scope module, "E" "Bit_Reversal" 10 10, 11 1 0, S_0x1207d7c90;
 .timescale 0 0;
    .port_info 0 /INPUT 3 "input_stream";
    .port_info 1 /OUTPUT 3 "output_stream";
P_0x1207c8d20 .param/l "WIDTH" 0 11 1, +C4<00000000000000000000000000000011>;
v0x1207d7ff0_0 .net "input_stream", 2 0, L_0x1207f9990;  alias, 1 drivers
v0x1207c1ed0_0 .net "output_stream", 2 0, L_0x1207f8850;  alias, 1 drivers
L_0x1207f8710 .part L_0x1207f9990, 2, 1;
L_0x1207f87b0 .part L_0x1207f9990, 1, 1;
L_0x1207f8850 .concat8 [ 1 1 1 0], L_0x1207f8710, L_0x1207f87b0, L_0x1207f89b0;
L_0x1207f89b0 .part L_0x1207f9990, 0, 1;
S_0x1207d4260 .scope generate, "REVERSE_LOOP[0]" "REVERSE_LOOP[0]" 11 9, 11 9 0, S_0x1207d6420;
 .timescale 0 0;
P_0x1207c1a10 .param/l "i" 1 11 9, +C4<00>;
v0x1207d8400_0 .net *"_ivl_0", 0 0, L_0x1207f8710;  1 drivers
S_0x120724a40 .scope generate, "REVERSE_LOOP[1]" "REVERSE_LOOP[1]" 11 9, 11 9 0, S_0x1207d6420;
 .timescale 0 0;
P_0x1207d9f60 .param/l "i" 1 11 9, +C4<01>;
v0x1207d8490_0 .net *"_ivl_0", 0 0, L_0x1207f87b0;  1 drivers
S_0x120724bb0 .scope generate, "REVERSE_LOOP[2]" "REVERSE_LOOP[2]" 11 9, 11 9 0, S_0x1207d6420;
 .timescale 0 0;
P_0x120790910 .param/l "i" 1 11 9, +C4<010>;
v0x1207d7f60_0 .net *"_ivl_0", 0 0, L_0x1207f89b0;  1 drivers
S_0x120722e30 .scope generate, "SCRAMBLE_INPUTS[5]" "SCRAMBLE_INPUTS[5]" 10 9, 10 9 0, S_0x1207c7660;
 .timescale 0 0;
P_0x12078ff30 .param/l "i" 1 10 9, +C4<0101>;
S_0x120722fa0 .scope module, "E" "Bit_Reversal" 10 10, 11 1 0, S_0x120722e30;
 .timescale 0 0;
    .port_info 0 /INPUT 3 "input_stream";
    .port_info 1 /OUTPUT 3 "output_stream";
P_0x1207e2850 .param/l "WIDTH" 0 11 1, +C4<00000000000000000000000000000011>;
v0x1207842a0_0 .net "input_stream", 2 0, L_0x1207f9a40;  alias, 1 drivers
v0x120784330_0 .net "output_stream", 2 0, L_0x1207f8c50;  alias, 1 drivers
L_0x1207f8b10 .part L_0x1207f9a40, 2, 1;
L_0x1207f8bb0 .part L_0x1207f9a40, 1, 1;
L_0x1207f8c50 .concat8 [ 1 1 1 0], L_0x1207f8b10, L_0x1207f8bb0, L_0x1207f8db0;
L_0x1207f8db0 .part L_0x1207f9a40, 0, 1;
S_0x120720d60 .scope generate, "REVERSE_LOOP[0]" "REVERSE_LOOP[0]" 11 9, 11 9 0, S_0x120722fa0;
 .timescale 0 0;
P_0x1207e3b20 .param/l "i" 1 11 9, +C4<00>;
v0x1207c1f60_0 .net *"_ivl_0", 0 0, L_0x1207f8b10;  1 drivers
S_0x120720ed0 .scope generate, "REVERSE_LOOP[1]" "REVERSE_LOOP[1]" 11 9, 11 9 0, S_0x120722fa0;
 .timescale 0 0;
P_0x1207e3eb0 .param/l "i" 1 11 9, +C4<01>;
v0x1207845e0_0 .net *"_ivl_0", 0 0, L_0x1207f8bb0;  1 drivers
S_0x12071e650 .scope generate, "REVERSE_LOOP[2]" "REVERSE_LOOP[2]" 11 9, 11 9 0, S_0x120722fa0;
 .timescale 0 0;
P_0x1207e6340 .param/l "i" 1 11 9, +C4<010>;
v0x120784670_0 .net *"_ivl_0", 0 0, L_0x1207f8db0;  1 drivers
S_0x12071e7c0 .scope generate, "SCRAMBLE_INPUTS[6]" "SCRAMBLE_INPUTS[6]" 10 9, 10 9 0, S_0x1207c7660;
 .timescale 0 0;
P_0x1207843c0 .param/l "i" 1 10 9, +C4<0110>;
S_0x12076db20 .scope module, "E" "Bit_Reversal" 10 10, 11 1 0, S_0x12071e7c0;
 .timescale 0 0;
    .port_info 0 /INPUT 3 "input_stream";
    .port_info 1 /OUTPUT 3 "output_stream";
P_0x1207e9c70 .param/l "WIDTH" 0 11 1, +C4<00000000000000000000000000000011>;
v0x1207839d0_0 .net "input_stream", 2 0, L_0x1207f9af0;  alias, 1 drivers
v0x120798440_0 .net "output_stream", 2 0, L_0x1207f9050;  alias, 1 drivers
L_0x1207f8f10 .part L_0x1207f9af0, 2, 1;
L_0x1207f8fb0 .part L_0x1207f9af0, 1, 1;
L_0x1207f9050 .concat8 [ 1 1 1 0], L_0x1207f8f10, L_0x1207f8fb0, L_0x1207f91b0;
L_0x1207f91b0 .part L_0x1207f9af0, 0, 1;
S_0x12076dc90 .scope generate, "REVERSE_LOOP[0]" "REVERSE_LOOP[0]" 11 9, 11 9 0, S_0x12076db20;
 .timescale 0 0;
P_0x120721110 .param/l "i" 1 11 9, +C4<00>;
v0x120783c40_0 .net *"_ivl_0", 0 0, L_0x1207f8f10;  1 drivers
S_0x1207158b0 .scope generate, "REVERSE_LOOP[1]" "REVERSE_LOOP[1]" 11 9, 11 9 0, S_0x12076db20;
 .timescale 0 0;
P_0x120707450 .param/l "i" 1 11 9, +C4<01>;
v0x120783cd0_0 .net *"_ivl_0", 0 0, L_0x1207f8fb0;  1 drivers
S_0x120715a20 .scope generate, "REVERSE_LOOP[2]" "REVERSE_LOOP[2]" 11 9, 11 9 0, S_0x12076db20;
 .timescale 0 0;
P_0x120783d60 .param/l "i" 1 11 9, +C4<010>;
v0x120783940_0 .net *"_ivl_0", 0 0, L_0x1207f91b0;  1 drivers
S_0x120707080 .scope generate, "SCRAMBLE_INPUTS[7]" "SCRAMBLE_INPUTS[7]" 10 9, 10 9 0, S_0x1207c7660;
 .timescale 0 0;
P_0x120798520 .param/l "i" 1 10 9, +C4<0111>;
S_0x1207071f0 .scope module, "E" "Bit_Reversal" 10 10, 11 1 0, S_0x120707080;
 .timescale 0 0;
    .port_info 0 /INPUT 3 "input_stream";
    .port_info 1 /OUTPUT 3 "output_stream";
P_0x120796280 .param/l "WIDTH" 0 11 1, +C4<00000000000000000000000000000011>;
v0x120726890_0 .net "input_stream", 2 0, L_0x1207f9be0;  alias, 1 drivers
v0x120726920_0 .net "output_stream", 2 0, L_0x1207f9450;  alias, 1 drivers
L_0x1207f9310 .part L_0x1207f9be0, 2, 1;
L_0x1207f93b0 .part L_0x1207f9be0, 1, 1;
L_0x1207f9450 .concat8 [ 1 1 1 0], L_0x1207f9310, L_0x1207f93b0, L_0x1207f95b0;
L_0x1207f95b0 .part L_0x1207f9be0, 0, 1;
S_0x1207058f0 .scope generate, "REVERSE_LOOP[0]" "REVERSE_LOOP[0]" 11 9, 11 9 0, S_0x1207071f0;
 .timescale 0 0;
P_0x120794a90 .param/l "i" 1 11 9, +C4<00>;
v0x120794b10_0 .net *"_ivl_0", 0 0, L_0x1207f9310;  1 drivers
S_0x120705a60 .scope generate, "REVERSE_LOOP[1]" "REVERSE_LOOP[1]" 11 9, 11 9 0, S_0x1207071f0;
 .timescale 0 0;
P_0x1207927e0 .param/l "i" 1 11 9, +C4<01>;
v0x120792860_0 .net *"_ivl_0", 0 0, L_0x1207f93b0;  1 drivers
S_0x120726720 .scope generate, "REVERSE_LOOP[2]" "REVERSE_LOOP[2]" 11 9, 11 9 0, S_0x1207071f0;
 .timescale 0 0;
P_0x120799690 .param/l "i" 1 11 9, +C4<010>;
v0x120799710_0 .net *"_ivl_0", 0 0, L_0x1207f95b0;  1 drivers
    .scope S_0x12181b820;
T_0 ;
    %pushi/vec4 32768, 0, 16;
    %ix/load 4, 0, 0;
    %flag_set/imm 4, 0;
    %store/vec4a v0x12181c6f0, 4, 0;
    %pushi/vec4 32735, 0, 16;
    %ix/load 4, 1, 0;
    %flag_set/imm 4, 0;
    %store/vec4a v0x12181c6f0, 4, 0;
    %pushi/vec4 32702, 0, 16;
    %ix/load 4, 2, 0;
    %flag_set/imm 4, 0;
    %store/vec4a v0x12181c6f0, 4, 0;
    %pushi/vec4 32670, 0, 16;
    %ix/load 4, 3, 0;
    %flag_set/imm 4, 0;
    %store/vec4a v0x12181c6f0, 4, 0;
    %pushi/vec4 32604, 0, 16;
    %ix/load 4, 4, 0;
    %flag_set/imm 4, 0;
    %store/vec4a v0x12181c6f0, 4, 0;
    %pushi/vec4 32506, 0, 16;
    %ix/load 4, 5, 0;
    %flag_set/imm 4, 0;
    %store/vec4a v0x12181c6f0, 4, 0;
    %pushi/vec4 32408, 0, 16;
    %ix/load 4, 6, 0;
    %flag_set/imm 4, 0;
    %store/vec4a v0x12181c6f0, 4, 0;
    %pushi/vec4 32276, 0, 16;
    %ix/load 4, 7, 0;
    %flag_set/imm 4, 0;
    %store/vec4a v0x12181c6f0, 4, 0;
    %pushi/vec4 32113, 0, 16;
    %ix/load 4, 8, 0;
    %flag_set/imm 4, 0;
    %store/vec4a v0x12181c6f0, 4, 0;
    %pushi/vec4 31949, 0, 16;
    %ix/load 4, 9, 0;
    %flag_set/imm 4, 0;
    %store/vec4a v0x12181c6f0, 4, 0;
    %pushi/vec4 31785, 0, 16;
    %ix/load 4, 10, 0;
    %flag_set/imm 4, 0;
    %store/vec4a v0x12181c6f0, 4, 0;
    %pushi/vec4 31556, 0, 16;
    %ix/load 4, 11, 0;
    %flag_set/imm 4, 0;
    %store/vec4a v0x12181c6f0, 4, 0;
    %pushi/vec4 31326, 0, 16;
    %ix/load 4, 12, 0;
    %flag_set/imm 4, 0;
    %store/vec4a v0x12181c6f0, 4, 0;
    %pushi/vec4 31097, 0, 16;
    %ix/load 4, 13, 0;
    %flag_set/imm 4, 0;
    %store/vec4a v0x12181c6f0, 4, 0;
    %pushi/vec4 30835, 0, 16;
    %ix/load 4, 14, 0;
    %flag_set/imm 4, 0;
    %store/vec4a v0x12181c6f0, 4, 0;
    %pushi/vec4 30540, 0, 16;
    %ix/load 4, 15, 0;
    %flag_set/imm 4, 0;
    %store/vec4a v0x12181c6f0, 4, 0;
    %pushi/vec4 30245, 0, 16;
    %ix/load 4, 16, 0;
    %flag_set/imm 4, 0;
    %store/vec4a v0x12181c6f0, 4, 0;
    %pushi/vec4 29950, 0, 16;
    %ix/load 4, 17, 0;
    %flag_set/imm 4, 0;
    %store/vec4a v0x12181c6f0, 4, 0;
    %pushi/vec4 29590, 0, 16;
    %ix/load 4, 18, 0;
    %flag_set/imm 4, 0;
    %store/vec4a v0x12181c6f0, 4, 0;
    %pushi/vec4 29262, 0, 16;
    %ix/load 4, 19, 0;
    %flag_set/imm 4, 0;
    %store/vec4a v0x12181c6f0, 4, 0;
    %pushi/vec4 28869, 0, 16;
    %ix/load 4, 20, 0;
    %flag_set/imm 4, 0;
    %store/vec4a v0x12181c6f0, 4, 0;
    %pushi/vec4 28508, 0, 16;
    %ix/load 4, 21, 0;
    %flag_set/imm 4, 0;
    %store/vec4a v0x12181c6f0, 4, 0;
    %pushi/vec4 28082, 0, 16;
    %ix/load 4, 22, 0;
    %flag_set/imm 4, 0;
    %store/vec4a v0x12181c6f0, 4, 0;
    %pushi/vec4 27656, 0, 16;
    %ix/load 4, 23, 0;
    %flag_set/imm 4, 0;
    %store/vec4a v0x12181c6f0, 4, 0;
    %pushi/vec4 27230, 0, 16;
    %ix/load 4, 24, 0;
    %flag_set/imm 4, 0;
    %store/vec4a v0x12181c6f0, 4, 0;
    %pushi/vec4 26771, 0, 16;
    %ix/load 4, 25, 0;
    %flag_set/imm 4, 0;
    %store/vec4a v0x12181c6f0, 4, 0;
    %pushi/vec4 26313, 0, 16;
    %ix/load 4, 26, 0;
    %flag_set/imm 4, 0;
    %store/vec4a v0x12181c6f0, 4, 0;
    %pushi/vec4 25821, 0, 16;
    %ix/load 4, 27, 0;
    %flag_set/imm 4, 0;
    %store/vec4a v0x12181c6f0, 4, 0;
    %pushi/vec4 25330, 0, 16;
    %ix/load 4, 28, 0;
    %flag_set/imm 4, 0;
    %store/vec4a v0x12181c6f0, 4, 0;
    %pushi/vec4 24805, 0, 16;
    %ix/load 4, 29, 0;
    %flag_set/imm 4, 0;
    %store/vec4a v0x12181c6f0, 4, 0;
    %pushi/vec4 24248, 0, 16;
    %ix/load 4, 30, 0;
    %flag_set/imm 4, 0;
    %store/vec4a v0x12181c6f0, 4, 0;
    %pushi/vec4 23724, 0, 16;
    %ix/load 4, 31, 0;
    %flag_set/imm 4, 0;
    %store/vec4a v0x12181c6f0, 4, 0;
    %pushi/vec4 23167, 0, 16;
    %ix/load 4, 32, 0;
    %flag_set/imm 4, 0;
    %store/vec4a v0x12181c6f0, 4, 0;
    %pushi/vec4 22577, 0, 16;
    %ix/load 4, 33, 0;
    %flag_set/imm 4, 0;
    %store/vec4a v0x12181c6f0, 4, 0;
    %pushi/vec4 21987, 0, 16;
    %ix/load 4, 34, 0;
    %flag_set/imm 4, 0;
    %store/vec4a v0x12181c6f0, 4, 0;
    %pushi/vec4 21398, 0, 16;
    %ix/load 4, 35, 0;
    %flag_set/imm 4, 0;
    %store/vec4a v0x12181c6f0, 4, 0;
    %pushi/vec4 20775, 0, 16;
    %ix/load 4, 36, 0;
    %flag_set/imm 4, 0;
    %store/vec4a v0x12181c6f0, 4, 0;
    %pushi/vec4 20152, 0, 16;
    %ix/load 4, 37, 0;
    %flag_set/imm 4, 0;
    %store/vec4a v0x12181c6f0, 4, 0;
    %pushi/vec4 19497, 0, 16;
    %ix/load 4, 38, 0;
    %flag_set/imm 4, 0;
    %store/vec4a v0x12181c6f0, 4, 0;
    %pushi/vec4 18842, 0, 16;
    %ix/load 4, 39, 0;
    %flag_set/imm 4, 0;
    %store/vec4a v0x12181c6f0, 4, 0;
    %pushi/vec4 18186, 0, 16;
    %ix/load 4, 40, 0;
    %flag_set/imm 4, 0;
    %store/vec4a v0x12181c6f0, 4, 0;
    %pushi/vec4 17498, 0, 16;
    %ix/load 4, 41, 0;
    %flag_set/imm 4, 0;
    %store/vec4a v0x12181c6f0, 4, 0;
    %pushi/vec4 16843, 0, 16;
    %ix/load 4, 42, 0;
    %flag_set/imm 4, 0;
    %store/vec4a v0x12181c6f0, 4, 0;
    %pushi/vec4 16122, 0, 16;
    %ix/load 4, 43, 0;
    %flag_set/imm 4, 0;
    %store/vec4a v0x12181c6f0, 4, 0;
    %pushi/vec4 15434, 0, 16;
    %ix/load 4, 44, 0;
    %flag_set/imm 4, 0;
    %store/vec4a v0x12181c6f0, 4, 0;
    %pushi/vec4 14713, 0, 16;
    %ix/load 4, 45, 0;
    %flag_set/imm 4, 0;
    %store/vec4a v0x12181c6f0, 4, 0;
    %pushi/vec4 13992, 0, 16;
    %ix/load 4, 46, 0;
    %flag_set/imm 4, 0;
    %store/vec4a v0x12181c6f0, 4, 0;
    %pushi/vec4 13271, 0, 16;
    %ix/load 4, 47, 0;
    %flag_set/imm 4, 0;
    %store/vec4a v0x12181c6f0, 4, 0;
    %pushi/vec4 12517, 0, 16;
    %ix/load 4, 48, 0;
    %flag_set/imm 4, 0;
    %store/vec4a v0x12181c6f0, 4, 0;
    %pushi/vec4 11764, 0, 16;
    %ix/load 4, 49, 0;
    %flag_set/imm 4, 0;
    %store/vec4a v0x12181c6f0, 4, 0;
    %pushi/vec4 11010, 0, 16;
    %ix/load 4, 50, 0;
    %flag_set/imm 4, 0;
    %store/vec4a v0x12181c6f0, 4, 0;
    %pushi/vec4 10256, 0, 16;
    %ix/load 4, 51, 0;
    %flag_set/imm 4, 0;
    %store/vec4a v0x12181c6f0, 4, 0;
    %pushi/vec4 9503, 0, 16;
    %ix/load 4, 52, 0;
    %flag_set/imm 4, 0;
    %store/vec4a v0x12181c6f0, 4, 0;
    %pushi/vec4 8716, 0, 16;
    %ix/load 4, 53, 0;
    %flag_set/imm 4, 0;
    %store/vec4a v0x12181c6f0, 4, 0;
    %pushi/vec4 7930, 0, 16;
    %ix/load 4, 54, 0;
    %flag_set/imm 4, 0;
    %store/vec4a v0x12181c6f0, 4, 0;
    %pushi/vec4 7176, 0, 16;
    %ix/load 4, 55, 0;
    %flag_set/imm 4, 0;
    %store/vec4a v0x12181c6f0, 4, 0;
    %pushi/vec4 6390, 0, 16;
    %ix/load 4, 56, 0;
    %flag_set/imm 4, 0;
    %store/vec4a v0x12181c6f0, 4, 0;
    %pushi/vec4 5571, 0, 16;
    %ix/load 4, 57, 0;
    %flag_set/imm 4, 0;
    %store/vec4a v0x12181c6f0, 4, 0;
    %pushi/vec4 4784, 0, 16;
    %ix/load 4, 58, 0;
    %flag_set/imm 4, 0;
    %store/vec4a v0x12181c6f0, 4, 0;
    %pushi/vec4 3998, 0, 16;
    %ix/load 4, 59, 0;
    %flag_set/imm 4, 0;
    %store/vec4a v0x12181c6f0, 4, 0;
    %pushi/vec4 3211, 0, 16;
    %ix/load 4, 60, 0;
    %flag_set/imm 4, 0;
    %store/vec4a v0x12181c6f0, 4, 0;
    %pushi/vec4 2392, 0, 16;
    %ix/load 4, 61, 0;
    %flag_set/imm 4, 0;
    %store/vec4a v0x12181c6f0, 4, 0;
    %pushi/vec4 1606, 0, 16;
    %ix/load 4, 62, 0;
    %flag_set/imm 4, 0;
    %store/vec4a v0x12181c6f0, 4, 0;
    %pushi/vec4 786, 0, 16;
    %ix/load 4, 63, 0;
    %flag_set/imm 4, 0;
    %store/vec4a v0x12181c6f0, 4, 0;
    %pushi/vec4 0, 0, 16;
    %ix/load 4, 64, 0;
    %flag_set/imm 4, 0;
    %store/vec4a v0x12181c6f0, 4, 0;
    %pushi/vec4 64750, 0, 16;
    %ix/load 4, 65, 0;
    %flag_set/imm 4, 0;
    %store/vec4a v0x12181c6f0, 4, 0;
    %pushi/vec4 63930, 0, 16;
    %ix/load 4, 66, 0;
    %flag_set/imm 4, 0;
    %store/vec4a v0x12181c6f0, 4, 0;
    %pushi/vec4 63144, 0, 16;
    %ix/load 4, 67, 0;
    %flag_set/imm 4, 0;
    %store/vec4a v0x12181c6f0, 4, 0;
    %pushi/vec4 62325, 0, 16;
    %ix/load 4, 68, 0;
    %flag_set/imm 4, 0;
    %store/vec4a v0x12181c6f0, 4, 0;
    %pushi/vec4 61538, 0, 16;
    %ix/load 4, 69, 0;
    %flag_set/imm 4, 0;
    %store/vec4a v0x12181c6f0, 4, 0;
    %pushi/vec4 60752, 0, 16;
    %ix/load 4, 70, 0;
    %flag_set/imm 4, 0;
    %store/vec4a v0x12181c6f0, 4, 0;
    %pushi/vec4 59965, 0, 16;
    %ix/load 4, 71, 0;
    %flag_set/imm 4, 0;
    %store/vec4a v0x12181c6f0, 4, 0;
    %pushi/vec4 59146, 0, 16;
    %ix/load 4, 72, 0;
    %flag_set/imm 4, 0;
    %store/vec4a v0x12181c6f0, 4, 0;
    %pushi/vec4 58360, 0, 16;
    %ix/load 4, 73, 0;
    %flag_set/imm 4, 0;
    %store/vec4a v0x12181c6f0, 4, 0;
    %pushi/vec4 57606, 0, 16;
    %ix/load 4, 74, 0;
    %flag_set/imm 4, 0;
    %store/vec4a v0x12181c6f0, 4, 0;
    %pushi/vec4 56820, 0, 16;
    %ix/load 4, 75, 0;
    %flag_set/imm 4, 0;
    %store/vec4a v0x12181c6f0, 4, 0;
    %pushi/vec4 56033, 0, 16;
    %ix/load 4, 76, 0;
    %flag_set/imm 4, 0;
    %store/vec4a v0x12181c6f0, 4, 0;
    %pushi/vec4 55280, 0, 16;
    %ix/load 4, 77, 0;
    %flag_set/imm 4, 0;
    %store/vec4a v0x12181c6f0, 4, 0;
    %pushi/vec4 54526, 0, 16;
    %ix/load 4, 78, 0;
    %flag_set/imm 4, 0;
    %store/vec4a v0x12181c6f0, 4, 0;
    %pushi/vec4 53772, 0, 16;
    %ix/load 4, 79, 0;
    %flag_set/imm 4, 0;
    %store/vec4a v0x12181c6f0, 4, 0;
    %pushi/vec4 53019, 0, 16;
    %ix/load 4, 80, 0;
    %flag_set/imm 4, 0;
    %store/vec4a v0x12181c6f0, 4, 0;
    %pushi/vec4 52265, 0, 16;
    %ix/load 4, 81, 0;
    %flag_set/imm 4, 0;
    %store/vec4a v0x12181c6f0, 4, 0;
    %pushi/vec4 51544, 0, 16;
    %ix/load 4, 82, 0;
    %flag_set/imm 4, 0;
    %store/vec4a v0x12181c6f0, 4, 0;
    %pushi/vec4 50823, 0, 16;
    %ix/load 4, 83, 0;
    %flag_set/imm 4, 0;
    %store/vec4a v0x12181c6f0, 4, 0;
    %pushi/vec4 50102, 0, 16;
    %ix/load 4, 84, 0;
    %flag_set/imm 4, 0;
    %store/vec4a v0x12181c6f0, 4, 0;
    %pushi/vec4 49414, 0, 16;
    %ix/load 4, 85, 0;
    %flag_set/imm 4, 0;
    %store/vec4a v0x12181c6f0, 4, 0;
    %pushi/vec4 48693, 0, 16;
    %ix/load 4, 86, 0;
    %flag_set/imm 4, 0;
    %store/vec4a v0x12181c6f0, 4, 0;
    %pushi/vec4 48038, 0, 16;
    %ix/load 4, 87, 0;
    %flag_set/imm 4, 0;
    %store/vec4a v0x12181c6f0, 4, 0;
    %pushi/vec4 47350, 0, 16;
    %ix/load 4, 88, 0;
    %flag_set/imm 4, 0;
    %store/vec4a v0x12181c6f0, 4, 0;
    %pushi/vec4 46694, 0, 16;
    %ix/load 4, 89, 0;
    %flag_set/imm 4, 0;
    %store/vec4a v0x12181c6f0, 4, 0;
    %pushi/vec4 46039, 0, 16;
    %ix/load 4, 90, 0;
    %flag_set/imm 4, 0;
    %store/vec4a v0x12181c6f0, 4, 0;
    %pushi/vec4 45384, 0, 16;
    %ix/load 4, 91, 0;
    %flag_set/imm 4, 0;
    %store/vec4a v0x12181c6f0, 4, 0;
    %pushi/vec4 44761, 0, 16;
    %ix/load 4, 92, 0;
    %flag_set/imm 4, 0;
    %store/vec4a v0x12181c6f0, 4, 0;
    %pushi/vec4 44138, 0, 16;
    %ix/load 4, 93, 0;
    %flag_set/imm 4, 0;
    %store/vec4a v0x12181c6f0, 4, 0;
    %pushi/vec4 43549, 0, 16;
    %ix/load 4, 94, 0;
    %flag_set/imm 4, 0;
    %store/vec4a v0x12181c6f0, 4, 0;
    %pushi/vec4 42959, 0, 16;
    %ix/load 4, 95, 0;
    %flag_set/imm 4, 0;
    %store/vec4a v0x12181c6f0, 4, 0;
    %pushi/vec4 42369, 0, 16;
    %ix/load 4, 96, 0;
    %flag_set/imm 4, 0;
    %store/vec4a v0x12181c6f0, 4, 0;
    %pushi/vec4 41812, 0, 16;
    %ix/load 4, 97, 0;
    %flag_set/imm 4, 0;
    %store/vec4a v0x12181c6f0, 4, 0;
    %pushi/vec4 41288, 0, 16;
    %ix/load 4, 98, 0;
    %flag_set/imm 4, 0;
    %store/vec4a v0x12181c6f0, 4, 0;
    %pushi/vec4 40731, 0, 16;
    %ix/load 4, 99, 0;
    %flag_set/imm 4, 0;
    %store/vec4a v0x12181c6f0, 4, 0;
    %pushi/vec4 40206, 0, 16;
    %ix/load 4, 100, 0;
    %flag_set/imm 4, 0;
    %store/vec4a v0x12181c6f0, 4, 0;
    %pushi/vec4 39715, 0, 16;
    %ix/load 4, 101, 0;
    %flag_set/imm 4, 0;
    %store/vec4a v0x12181c6f0, 4, 0;
    %pushi/vec4 39223, 0, 16;
    %ix/load 4, 102, 0;
    %flag_set/imm 4, 0;
    %store/vec4a v0x12181c6f0, 4, 0;
    %pushi/vec4 38765, 0, 16;
    %ix/load 4, 103, 0;
    %flag_set/imm 4, 0;
    %store/vec4a v0x12181c6f0, 4, 0;
    %pushi/vec4 38306, 0, 16;
    %ix/load 4, 104, 0;
    %flag_set/imm 4, 0;
    %store/vec4a v0x12181c6f0, 4, 0;
    %pushi/vec4 37880, 0, 16;
    %ix/load 4, 105, 0;
    %flag_set/imm 4, 0;
    %store/vec4a v0x12181c6f0, 4, 0;
    %pushi/vec4 37454, 0, 16;
    %ix/load 4, 106, 0;
    %flag_set/imm 4, 0;
    %store/vec4a v0x12181c6f0, 4, 0;
    %pushi/vec4 37028, 0, 16;
    %ix/load 4, 107, 0;
    %flag_set/imm 4, 0;
    %store/vec4a v0x12181c6f0, 4, 0;
    %pushi/vec4 36667, 0, 16;
    %ix/load 4, 108, 0;
    %flag_set/imm 4, 0;
    %store/vec4a v0x12181c6f0, 4, 0;
    %pushi/vec4 36274, 0, 16;
    %ix/load 4, 109, 0;
    %flag_set/imm 4, 0;
    %store/vec4a v0x12181c6f0, 4, 0;
    %pushi/vec4 35946, 0, 16;
    %ix/load 4, 110, 0;
    %flag_set/imm 4, 0;
    %store/vec4a v0x12181c6f0, 4, 0;
    %pushi/vec4 35586, 0, 16;
    %ix/load 4, 111, 0;
    %flag_set/imm 4, 0;
    %store/vec4a v0x12181c6f0, 4, 0;
    %pushi/vec4 35291, 0, 16;
    %ix/load 4, 112, 0;
    %flag_set/imm 4, 0;
    %store/vec4a v0x12181c6f0, 4, 0;
    %pushi/vec4 34996, 0, 16;
    %ix/load 4, 113, 0;
    %flag_set/imm 4, 0;
    %store/vec4a v0x12181c6f0, 4, 0;
    %pushi/vec4 34701, 0, 16;
    %ix/load 4, 114, 0;
    %flag_set/imm 4, 0;
    %store/vec4a v0x12181c6f0, 4, 0;
    %pushi/vec4 34439, 0, 16;
    %ix/load 4, 115, 0;
    %flag_set/imm 4, 0;
    %store/vec4a v0x12181c6f0, 4, 0;
    %pushi/vec4 34210, 0, 16;
    %ix/load 4, 116, 0;
    %flag_set/imm 4, 0;
    %store/vec4a v0x12181c6f0, 4, 0;
    %pushi/vec4 33980, 0, 16;
    %ix/load 4, 117, 0;
    %flag_set/imm 4, 0;
    %store/vec4a v0x12181c6f0, 4, 0;
    %pushi/vec4 33751, 0, 16;
    %ix/load 4, 118, 0;
    %flag_set/imm 4, 0;
    %store/vec4a v0x12181c6f0, 4, 0;
    %pushi/vec4 33587, 0, 16;
    %ix/load 4, 119, 0;
    %flag_set/imm 4, 0;
    %store/vec4a v0x12181c6f0, 4, 0;
    %pushi/vec4 33423, 0, 16;
    %ix/load 4, 120, 0;
    %flag_set/imm 4, 0;
    %store/vec4a v0x12181c6f0, 4, 0;
    %pushi/vec4 33260, 0, 16;
    %ix/load 4, 121, 0;
    %flag_set/imm 4, 0;
    %store/vec4a v0x12181c6f0, 4, 0;
    %pushi/vec4 33128, 0, 16;
    %ix/load 4, 122, 0;
    %flag_set/imm 4, 0;
    %store/vec4a v0x12181c6f0, 4, 0;
    %pushi/vec4 33030, 0, 16;
    %ix/load 4, 123, 0;
    %flag_set/imm 4, 0;
    %store/vec4a v0x12181c6f0, 4, 0;
    %pushi/vec4 32932, 0, 16;
    %ix/load 4, 124, 0;
    %flag_set/imm 4, 0;
    %store/vec4a v0x12181c6f0, 4, 0;
    %pushi/vec4 32866, 0, 16;
    %ix/load 4, 125, 0;
    %flag_set/imm 4, 0;
    %store/vec4a v0x12181c6f0, 4, 0;
    %pushi/vec4 32834, 0, 16;
    %ix/load 4, 126, 0;
    %flag_set/imm 4, 0;
    %store/vec4a v0x12181c6f0, 4, 0;
    %pushi/vec4 32801, 0, 16;
    %ix/load 4, 127, 0;
    %flag_set/imm 4, 0;
    %store/vec4a v0x12181c6f0, 4, 0;
    %pushi/vec4 0, 0, 16;
    %ix/load 4, 0, 0;
    %flag_set/imm 4, 0;
    %store/vec4a v0x12181c880, 4, 0;
    %pushi/vec4 786, 0, 16;
    %ix/load 4, 1, 0;
    %flag_set/imm 4, 0;
    %store/vec4a v0x12181c880, 4, 0;
    %pushi/vec4 1606, 0, 16;
    %ix/load 4, 2, 0;
    %flag_set/imm 4, 0;
    %store/vec4a v0x12181c880, 4, 0;
    %pushi/vec4 2392, 0, 16;
    %ix/load 4, 3, 0;
    %flag_set/imm 4, 0;
    %store/vec4a v0x12181c880, 4, 0;
    %pushi/vec4 3211, 0, 16;
    %ix/load 4, 4, 0;
    %flag_set/imm 4, 0;
    %store/vec4a v0x12181c880, 4, 0;
    %pushi/vec4 3998, 0, 16;
    %ix/load 4, 5, 0;
    %flag_set/imm 4, 0;
    %store/vec4a v0x12181c880, 4, 0;
    %pushi/vec4 4784, 0, 16;
    %ix/load 4, 6, 0;
    %flag_set/imm 4, 0;
    %store/vec4a v0x12181c880, 4, 0;
    %pushi/vec4 5571, 0, 16;
    %ix/load 4, 7, 0;
    %flag_set/imm 4, 0;
    %store/vec4a v0x12181c880, 4, 0;
    %pushi/vec4 6390, 0, 16;
    %ix/load 4, 8, 0;
    %flag_set/imm 4, 0;
    %store/vec4a v0x12181c880, 4, 0;
    %pushi/vec4 7176, 0, 16;
    %ix/load 4, 9, 0;
    %flag_set/imm 4, 0;
    %store/vec4a v0x12181c880, 4, 0;
    %pushi/vec4 7930, 0, 16;
    %ix/load 4, 10, 0;
    %flag_set/imm 4, 0;
    %store/vec4a v0x12181c880, 4, 0;
    %pushi/vec4 8716, 0, 16;
    %ix/load 4, 11, 0;
    %flag_set/imm 4, 0;
    %store/vec4a v0x12181c880, 4, 0;
    %pushi/vec4 9503, 0, 16;
    %ix/load 4, 12, 0;
    %flag_set/imm 4, 0;
    %store/vec4a v0x12181c880, 4, 0;
    %pushi/vec4 10256, 0, 16;
    %ix/load 4, 13, 0;
    %flag_set/imm 4, 0;
    %store/vec4a v0x12181c880, 4, 0;
    %pushi/vec4 11010, 0, 16;
    %ix/load 4, 14, 0;
    %flag_set/imm 4, 0;
    %store/vec4a v0x12181c880, 4, 0;
    %pushi/vec4 11764, 0, 16;
    %ix/load 4, 15, 0;
    %flag_set/imm 4, 0;
    %store/vec4a v0x12181c880, 4, 0;
    %pushi/vec4 12517, 0, 16;
    %ix/load 4, 16, 0;
    %flag_set/imm 4, 0;
    %store/vec4a v0x12181c880, 4, 0;
    %pushi/vec4 13271, 0, 16;
    %ix/load 4, 17, 0;
    %flag_set/imm 4, 0;
    %store/vec4a v0x12181c880, 4, 0;
    %pushi/vec4 13992, 0, 16;
    %ix/load 4, 18, 0;
    %flag_set/imm 4, 0;
    %store/vec4a v0x12181c880, 4, 0;
    %pushi/vec4 14713, 0, 16;
    %ix/load 4, 19, 0;
    %flag_set/imm 4, 0;
    %store/vec4a v0x12181c880, 4, 0;
    %pushi/vec4 15434, 0, 16;
    %ix/load 4, 20, 0;
    %flag_set/imm 4, 0;
    %store/vec4a v0x12181c880, 4, 0;
    %pushi/vec4 16122, 0, 16;
    %ix/load 4, 21, 0;
    %flag_set/imm 4, 0;
    %store/vec4a v0x12181c880, 4, 0;
    %pushi/vec4 16843, 0, 16;
    %ix/load 4, 22, 0;
    %flag_set/imm 4, 0;
    %store/vec4a v0x12181c880, 4, 0;
    %pushi/vec4 17498, 0, 16;
    %ix/load 4, 23, 0;
    %flag_set/imm 4, 0;
    %store/vec4a v0x12181c880, 4, 0;
    %pushi/vec4 18186, 0, 16;
    %ix/load 4, 24, 0;
    %flag_set/imm 4, 0;
    %store/vec4a v0x12181c880, 4, 0;
    %pushi/vec4 18842, 0, 16;
    %ix/load 4, 25, 0;
    %flag_set/imm 4, 0;
    %store/vec4a v0x12181c880, 4, 0;
    %pushi/vec4 19497, 0, 16;
    %ix/load 4, 26, 0;
    %flag_set/imm 4, 0;
    %store/vec4a v0x12181c880, 4, 0;
    %pushi/vec4 20152, 0, 16;
    %ix/load 4, 27, 0;
    %flag_set/imm 4, 0;
    %store/vec4a v0x12181c880, 4, 0;
    %pushi/vec4 20775, 0, 16;
    %ix/load 4, 28, 0;
    %flag_set/imm 4, 0;
    %store/vec4a v0x12181c880, 4, 0;
    %pushi/vec4 21398, 0, 16;
    %ix/load 4, 29, 0;
    %flag_set/imm 4, 0;
    %store/vec4a v0x12181c880, 4, 0;
    %pushi/vec4 21987, 0, 16;
    %ix/load 4, 30, 0;
    %flag_set/imm 4, 0;
    %store/vec4a v0x12181c880, 4, 0;
    %pushi/vec4 22577, 0, 16;
    %ix/load 4, 31, 0;
    %flag_set/imm 4, 0;
    %store/vec4a v0x12181c880, 4, 0;
    %pushi/vec4 23167, 0, 16;
    %ix/load 4, 32, 0;
    %flag_set/imm 4, 0;
    %store/vec4a v0x12181c880, 4, 0;
    %pushi/vec4 23724, 0, 16;
    %ix/load 4, 33, 0;
    %flag_set/imm 4, 0;
    %store/vec4a v0x12181c880, 4, 0;
    %pushi/vec4 24248, 0, 16;
    %ix/load 4, 34, 0;
    %flag_set/imm 4, 0;
    %store/vec4a v0x12181c880, 4, 0;
    %pushi/vec4 24805, 0, 16;
    %ix/load 4, 35, 0;
    %flag_set/imm 4, 0;
    %store/vec4a v0x12181c880, 4, 0;
    %pushi/vec4 25330, 0, 16;
    %ix/load 4, 36, 0;
    %flag_set/imm 4, 0;
    %store/vec4a v0x12181c880, 4, 0;
    %pushi/vec4 25821, 0, 16;
    %ix/load 4, 37, 0;
    %flag_set/imm 4, 0;
    %store/vec4a v0x12181c880, 4, 0;
    %pushi/vec4 26313, 0, 16;
    %ix/load 4, 38, 0;
    %flag_set/imm 4, 0;
    %store/vec4a v0x12181c880, 4, 0;
    %pushi/vec4 26771, 0, 16;
    %ix/load 4, 39, 0;
    %flag_set/imm 4, 0;
    %store/vec4a v0x12181c880, 4, 0;
    %pushi/vec4 27230, 0, 16;
    %ix/load 4, 40, 0;
    %flag_set/imm 4, 0;
    %store/vec4a v0x12181c880, 4, 0;
    %pushi/vec4 27656, 0, 16;
    %ix/load 4, 41, 0;
    %flag_set/imm 4, 0;
    %store/vec4a v0x12181c880, 4, 0;
    %pushi/vec4 28082, 0, 16;
    %ix/load 4, 42, 0;
    %flag_set/imm 4, 0;
    %store/vec4a v0x12181c880, 4, 0;
    %pushi/vec4 28508, 0, 16;
    %ix/load 4, 43, 0;
    %flag_set/imm 4, 0;
    %store/vec4a v0x12181c880, 4, 0;
    %pushi/vec4 28869, 0, 16;
    %ix/load 4, 44, 0;
    %flag_set/imm 4, 0;
    %store/vec4a v0x12181c880, 4, 0;
    %pushi/vec4 29262, 0, 16;
    %ix/load 4, 45, 0;
    %flag_set/imm 4, 0;
    %store/vec4a v0x12181c880, 4, 0;
    %pushi/vec4 29590, 0, 16;
    %ix/load 4, 46, 0;
    %flag_set/imm 4, 0;
    %store/vec4a v0x12181c880, 4, 0;
    %pushi/vec4 29950, 0, 16;
    %ix/load 4, 47, 0;
    %flag_set/imm 4, 0;
    %store/vec4a v0x12181c880, 4, 0;
    %pushi/vec4 30245, 0, 16;
    %ix/load 4, 48, 0;
    %flag_set/imm 4, 0;
    %store/vec4a v0x12181c880, 4, 0;
    %pushi/vec4 30540, 0, 16;
    %ix/load 4, 49, 0;
    %flag_set/imm 4, 0;
    %store/vec4a v0x12181c880, 4, 0;
    %pushi/vec4 30835, 0, 16;
    %ix/load 4, 50, 0;
    %flag_set/imm 4, 0;
    %store/vec4a v0x12181c880, 4, 0;
    %pushi/vec4 31097, 0, 16;
    %ix/load 4, 51, 0;
    %flag_set/imm 4, 0;
    %store/vec4a v0x12181c880, 4, 0;
    %pushi/vec4 31326, 0, 16;
    %ix/load 4, 52, 0;
    %flag_set/imm 4, 0;
    %store/vec4a v0x12181c880, 4, 0;
    %pushi/vec4 31556, 0, 16;
    %ix/load 4, 53, 0;
    %flag_set/imm 4, 0;
    %store/vec4a v0x12181c880, 4, 0;
    %pushi/vec4 31785, 0, 16;
    %ix/load 4, 54, 0;
    %flag_set/imm 4, 0;
    %store/vec4a v0x12181c880, 4, 0;
    %pushi/vec4 31949, 0, 16;
    %ix/load 4, 55, 0;
    %flag_set/imm 4, 0;
    %store/vec4a v0x12181c880, 4, 0;
    %pushi/vec4 32113, 0, 16;
    %ix/load 4, 56, 0;
    %flag_set/imm 4, 0;
    %store/vec4a v0x12181c880, 4, 0;
    %pushi/vec4 32276, 0, 16;
    %ix/load 4, 57, 0;
    %flag_set/imm 4, 0;
    %store/vec4a v0x12181c880, 4, 0;
    %pushi/vec4 32408, 0, 16;
    %ix/load 4, 58, 0;
    %flag_set/imm 4, 0;
    %store/vec4a v0x12181c880, 4, 0;
    %pushi/vec4 32506, 0, 16;
    %ix/load 4, 59, 0;
    %flag_set/imm 4, 0;
    %store/vec4a v0x12181c880, 4, 0;
    %pushi/vec4 32604, 0, 16;
    %ix/load 4, 60, 0;
    %flag_set/imm 4, 0;
    %store/vec4a v0x12181c880, 4, 0;
    %pushi/vec4 32670, 0, 16;
    %ix/load 4, 61, 0;
    %flag_set/imm 4, 0;
    %store/vec4a v0x12181c880, 4, 0;
    %pushi/vec4 32702, 0, 16;
    %ix/load 4, 62, 0;
    %flag_set/imm 4, 0;
    %store/vec4a v0x12181c880, 4, 0;
    %pushi/vec4 32735, 0, 16;
    %ix/load 4, 63, 0;
    %flag_set/imm 4, 0;
    %store/vec4a v0x12181c880, 4, 0;
    %pushi/vec4 32768, 0, 16;
    %ix/load 4, 64, 0;
    %flag_set/imm 4, 0;
    %store/vec4a v0x12181c880, 4, 0;
    %pushi/vec4 32735, 0, 16;
    %ix/load 4, 65, 0;
    %flag_set/imm 4, 0;
    %store/vec4a v0x12181c880, 4, 0;
    %pushi/vec4 32702, 0, 16;
    %ix/load 4, 66, 0;
    %flag_set/imm 4, 0;
    %store/vec4a v0x12181c880, 4, 0;
    %pushi/vec4 32670, 0, 16;
    %ix/load 4, 67, 0;
    %flag_set/imm 4, 0;
    %store/vec4a v0x12181c880, 4, 0;
    %pushi/vec4 32604, 0, 16;
    %ix/load 4, 68, 0;
    %flag_set/imm 4, 0;
    %store/vec4a v0x12181c880, 4, 0;
    %pushi/vec4 32506, 0, 16;
    %ix/load 4, 69, 0;
    %flag_set/imm 4, 0;
    %store/vec4a v0x12181c880, 4, 0;
    %pushi/vec4 32408, 0, 16;
    %ix/load 4, 70, 0;
    %flag_set/imm 4, 0;
    %store/vec4a v0x12181c880, 4, 0;
    %pushi/vec4 32276, 0, 16;
    %ix/load 4, 71, 0;
    %flag_set/imm 4, 0;
    %store/vec4a v0x12181c880, 4, 0;
    %pushi/vec4 32113, 0, 16;
    %ix/load 4, 72, 0;
    %flag_set/imm 4, 0;
    %store/vec4a v0x12181c880, 4, 0;
    %pushi/vec4 31949, 0, 16;
    %ix/load 4, 73, 0;
    %flag_set/imm 4, 0;
    %store/vec4a v0x12181c880, 4, 0;
    %pushi/vec4 31785, 0, 16;
    %ix/load 4, 74, 0;
    %flag_set/imm 4, 0;
    %store/vec4a v0x12181c880, 4, 0;
    %pushi/vec4 31556, 0, 16;
    %ix/load 4, 75, 0;
    %flag_set/imm 4, 0;
    %store/vec4a v0x12181c880, 4, 0;
    %pushi/vec4 31326, 0, 16;
    %ix/load 4, 76, 0;
    %flag_set/imm 4, 0;
    %store/vec4a v0x12181c880, 4, 0;
    %pushi/vec4 31097, 0, 16;
    %ix/load 4, 77, 0;
    %flag_set/imm 4, 0;
    %store/vec4a v0x12181c880, 4, 0;
    %pushi/vec4 30835, 0, 16;
    %ix/load 4, 78, 0;
    %flag_set/imm 4, 0;
    %store/vec4a v0x12181c880, 4, 0;
    %pushi/vec4 30540, 0, 16;
    %ix/load 4, 79, 0;
    %flag_set/imm 4, 0;
    %store/vec4a v0x12181c880, 4, 0;
    %pushi/vec4 30245, 0, 16;
    %ix/load 4, 80, 0;
    %flag_set/imm 4, 0;
    %store/vec4a v0x12181c880, 4, 0;
    %pushi/vec4 29950, 0, 16;
    %ix/load 4, 81, 0;
    %flag_set/imm 4, 0;
    %store/vec4a v0x12181c880, 4, 0;
    %pushi/vec4 29590, 0, 16;
    %ix/load 4, 82, 0;
    %flag_set/imm 4, 0;
    %store/vec4a v0x12181c880, 4, 0;
    %pushi/vec4 29262, 0, 16;
    %ix/load 4, 83, 0;
    %flag_set/imm 4, 0;
    %store/vec4a v0x12181c880, 4, 0;
    %pushi/vec4 28869, 0, 16;
    %ix/load 4, 84, 0;
    %flag_set/imm 4, 0;
    %store/vec4a v0x12181c880, 4, 0;
    %pushi/vec4 28508, 0, 16;
    %ix/load 4, 85, 0;
    %flag_set/imm 4, 0;
    %store/vec4a v0x12181c880, 4, 0;
    %pushi/vec4 28082, 0, 16;
    %ix/load 4, 86, 0;
    %flag_set/imm 4, 0;
    %store/vec4a v0x12181c880, 4, 0;
    %pushi/vec4 27656, 0, 16;
    %ix/load 4, 87, 0;
    %flag_set/imm 4, 0;
    %store/vec4a v0x12181c880, 4, 0;
    %pushi/vec4 27230, 0, 16;
    %ix/load 4, 88, 0;
    %flag_set/imm 4, 0;
    %store/vec4a v0x12181c880, 4, 0;
    %pushi/vec4 26771, 0, 16;
    %ix/load 4, 89, 0;
    %flag_set/imm 4, 0;
    %store/vec4a v0x12181c880, 4, 0;
    %pushi/vec4 26313, 0, 16;
    %ix/load 4, 90, 0;
    %flag_set/imm 4, 0;
    %store/vec4a v0x12181c880, 4, 0;
    %pushi/vec4 25821, 0, 16;
    %ix/load 4, 91, 0;
    %flag_set/imm 4, 0;
    %store/vec4a v0x12181c880, 4, 0;
    %pushi/vec4 25330, 0, 16;
    %ix/load 4, 92, 0;
    %flag_set/imm 4, 0;
    %store/vec4a v0x12181c880, 4, 0;
    %pushi/vec4 24805, 0, 16;
    %ix/load 4, 93, 0;
    %flag_set/imm 4, 0;
    %store/vec4a v0x12181c880, 4, 0;
    %pushi/vec4 24248, 0, 16;
    %ix/load 4, 94, 0;
    %flag_set/imm 4, 0;
    %store/vec4a v0x12181c880, 4, 0;
    %pushi/vec4 23724, 0, 16;
    %ix/load 4, 95, 0;
    %flag_set/imm 4, 0;
    %store/vec4a v0x12181c880, 4, 0;
    %pushi/vec4 23167, 0, 16;
    %ix/load 4, 96, 0;
    %flag_set/imm 4, 0;
    %store/vec4a v0x12181c880, 4, 0;
    %pushi/vec4 22577, 0, 16;
    %ix/load 4, 97, 0;
    %flag_set/imm 4, 0;
    %store/vec4a v0x12181c880, 4, 0;
    %pushi/vec4 21987, 0, 16;
    %ix/load 4, 98, 0;
    %flag_set/imm 4, 0;
    %store/vec4a v0x12181c880, 4, 0;
    %pushi/vec4 21398, 0, 16;
    %ix/load 4, 99, 0;
    %flag_set/imm 4, 0;
    %store/vec4a v0x12181c880, 4, 0;
    %pushi/vec4 20775, 0, 16;
    %ix/load 4, 100, 0;
    %flag_set/imm 4, 0;
    %store/vec4a v0x12181c880, 4, 0;
    %pushi/vec4 20152, 0, 16;
    %ix/load 4, 101, 0;
    %flag_set/imm 4, 0;
    %store/vec4a v0x12181c880, 4, 0;
    %pushi/vec4 19497, 0, 16;
    %ix/load 4, 102, 0;
    %flag_set/imm 4, 0;
    %store/vec4a v0x12181c880, 4, 0;
    %pushi/vec4 18842, 0, 16;
    %ix/load 4, 103, 0;
    %flag_set/imm 4, 0;
    %store/vec4a v0x12181c880, 4, 0;
    %pushi/vec4 18186, 0, 16;
    %ix/load 4, 104, 0;
    %flag_set/imm 4, 0;
    %store/vec4a v0x12181c880, 4, 0;
    %pushi/vec4 17498, 0, 16;
    %ix/load 4, 105, 0;
    %flag_set/imm 4, 0;
    %store/vec4a v0x12181c880, 4, 0;
    %pushi/vec4 16843, 0, 16;
    %ix/load 4, 106, 0;
    %flag_set/imm 4, 0;
    %store/vec4a v0x12181c880, 4, 0;
    %pushi/vec4 16122, 0, 16;
    %ix/load 4, 107, 0;
    %flag_set/imm 4, 0;
    %store/vec4a v0x12181c880, 4, 0;
    %pushi/vec4 15434, 0, 16;
    %ix/load 4, 108, 0;
    %flag_set/imm 4, 0;
    %store/vec4a v0x12181c880, 4, 0;
    %pushi/vec4 14713, 0, 16;
    %ix/load 4, 109, 0;
    %flag_set/imm 4, 0;
    %store/vec4a v0x12181c880, 4, 0;
    %pushi/vec4 13992, 0, 16;
    %ix/load 4, 110, 0;
    %flag_set/imm 4, 0;
    %store/vec4a v0x12181c880, 4, 0;
    %pushi/vec4 13271, 0, 16;
    %ix/load 4, 111, 0;
    %flag_set/imm 4, 0;
    %store/vec4a v0x12181c880, 4, 0;
    %pushi/vec4 12517, 0, 16;
    %ix/load 4, 112, 0;
    %flag_set/imm 4, 0;
    %store/vec4a v0x12181c880, 4, 0;
    %pushi/vec4 11764, 0, 16;
    %ix/load 4, 113, 0;
    %flag_set/imm 4, 0;
    %store/vec4a v0x12181c880, 4, 0;
    %pushi/vec4 11010, 0, 16;
    %ix/load 4, 114, 0;
    %flag_set/imm 4, 0;
    %store/vec4a v0x12181c880, 4, 0;
    %pushi/vec4 10256, 0, 16;
    %ix/load 4, 115, 0;
    %flag_set/imm 4, 0;
    %store/vec4a v0x12181c880, 4, 0;
    %pushi/vec4 9503, 0, 16;
    %ix/load 4, 116, 0;
    %flag_set/imm 4, 0;
    %store/vec4a v0x12181c880, 4, 0;
    %pushi/vec4 8716, 0, 16;
    %ix/load 4, 117, 0;
    %flag_set/imm 4, 0;
    %store/vec4a v0x12181c880, 4, 0;
    %pushi/vec4 7930, 0, 16;
    %ix/load 4, 118, 0;
    %flag_set/imm 4, 0;
    %store/vec4a v0x12181c880, 4, 0;
    %pushi/vec4 7176, 0, 16;
    %ix/load 4, 119, 0;
    %flag_set/imm 4, 0;
    %store/vec4a v0x12181c880, 4, 0;
    %pushi/vec4 6390, 0, 16;
    %ix/load 4, 120, 0;
    %flag_set/imm 4, 0;
    %store/vec4a v0x12181c880, 4, 0;
    %pushi/vec4 5571, 0, 16;
    %ix/load 4, 121, 0;
    %flag_set/imm 4, 0;
    %store/vec4a v0x12181c880, 4, 0;
    %pushi/vec4 4784, 0, 16;
    %ix/load 4, 122, 0;
    %flag_set/imm 4, 0;
    %store/vec4a v0x12181c880, 4, 0;
    %pushi/vec4 3998, 0, 16;
    %ix/load 4, 123, 0;
    %flag_set/imm 4, 0;
    %store/vec4a v0x12181c880, 4, 0;
    %pushi/vec4 3211, 0, 16;
    %ix/load 4, 124, 0;
    %flag_set/imm 4, 0;
    %store/vec4a v0x12181c880, 4, 0;
    %pushi/vec4 2392, 0, 16;
    %ix/load 4, 125, 0;
    %flag_set/imm 4, 0;
    %store/vec4a v0x12181c880, 4, 0;
    %pushi/vec4 1606, 0, 16;
    %ix/load 4, 126, 0;
    %flag_set/imm 4, 0;
    %store/vec4a v0x12181c880, 4, 0;
    %pushi/vec4 786, 0, 16;
    %ix/load 4, 127, 0;
    %flag_set/imm 4, 0;
    %store/vec4a v0x12181c880, 4, 0;
    %end;
    .thread T_0;
    .scope S_0x1218151b0;
T_1 ;
Ewait_0 .event/or E_0x1218154f0, E_0x0;
    %wait Ewait_0;
    %load/vec4 v0x121815540_0;
    %pad/u 32;
    %cmpi/u 32768, 0, 32;
    %flag_or 5, 4;
    %jmp/0xz  T_1.0, 5;
    %load/vec4 v0x121815540_0;
    %store/vec4 v0x121815600_0, 0, 16;
    %pushi/vec4 0, 0, 1;
    %store/vec4 v0x1218156a0_0, 0, 1;
    %jmp T_1.1;
T_1.0 ;
    %load/vec4 v0x121815540_0;
    %inv;
    %addi 1, 0, 16;
    %store/vec4 v0x121815600_0, 0, 16;
    %pushi/vec4 1, 0, 1;
    %store/vec4 v0x1218156a0_0, 0, 1;
T_1.1 ;
    %jmp T_1;
    .thread T_1, $push;
    .scope S_0x121804b90;
T_2 ;
Ewait_1 .event/or E_0x121804df0, E_0x0;
    %wait Ewait_1;
    %load/vec4 v0x121804e50_0;
    %pad/u 32;
    %cmpi/u 32768, 0, 32;
    %flag_or 5, 4;
    %jmp/0xz  T_2.0, 5;
    %load/vec4 v0x121804e50_0;
    %store/vec4 v0x121814f10_0, 0, 16;
    %pushi/vec4 0, 0, 1;
    %store/vec4 v0x121814fb0_0, 0, 1;
    %jmp T_2.1;
T_2.0 ;
    %load/vec4 v0x121804e50_0;
    %inv;
    %addi 1, 0, 16;
    %store/vec4 v0x121814f10_0, 0, 16;
    %pushi/vec4 1, 0, 1;
    %store/vec4 v0x121814fb0_0, 0, 1;
T_2.1 ;
    %jmp T_2;
    .thread T_2, $push;
    .scope S_0x121815fa0;
T_3 ;
Ewait_2 .event/or E_0x1218162d0, E_0x0;
    %wait Ewait_2;
    %load/vec4 v0x121816330_0;
    %pad/u 32;
    %cmpi/u 32768, 0, 32;
    %flag_or 5, 4;
    %jmp/0xz  T_3.0, 5;
    %load/vec4 v0x121816330_0;
    %store/vec4 v0x1218163f0_0, 0, 16;
    %pushi/vec4 0, 0, 1;
    %store/vec4 v0x121816490_0, 0, 1;
    %jmp T_3.1;
T_3.0 ;
    %load/vec4 v0x121816330_0;
    %inv;
    %addi 1, 0, 16;
    %store/vec4 v0x1218163f0_0, 0, 16;
    %pushi/vec4 1, 0, 1;
    %store/vec4 v0x121816490_0, 0, 1;
T_3.1 ;
    %jmp T_3;
    .thread T_3, $push;
    .scope S_0x1218158a0;
T_4 ;
Ewait_3 .event/or E_0x121815bf0, E_0x0;
    %wait Ewait_3;
    %load/vec4 v0x121815c40_0;
    %pad/u 32;
    %cmpi/u 32768, 0, 32;
    %flag_or 5, 4;
    %jmp/0xz  T_4.0, 5;
    %load/vec4 v0x121815c40_0;
    %store/vec4 v0x121815d00_0, 0, 16;
    %pushi/vec4 0, 0, 1;
    %store/vec4 v0x121815da0_0, 0, 1;
    %jmp T_4.1;
T_4.0 ;
    %load/vec4 v0x121815c40_0;
    %inv;
    %addi 1, 0, 16;
    %store/vec4 v0x121815d00_0, 0, 16;
    %pushi/vec4 1, 0, 1;
    %store/vec4 v0x121815da0_0, 0, 1;
T_4.1 ;
    %jmp T_4;
    .thread T_4, $push;
    .scope S_0x121816da0;
T_5 ;
Ewait_4 .event/or E_0x1218170d0, E_0x0;
    %wait Ewait_4;
    %load/vec4 v0x121817130_0;
    %pad/u 32;
    %cmpi/u 32768, 0, 32;
    %flag_or 5, 4;
    %jmp/0xz  T_5.0, 5;
    %load/vec4 v0x121817130_0;
    %store/vec4 v0x1218171f0_0, 0, 16;
    %pushi/vec4 0, 0, 1;
    %store/vec4 v0x121817290_0, 0, 1;
    %jmp T_5.1;
T_5.0 ;
    %load/vec4 v0x121817130_0;
    %inv;
    %addi 1, 0, 16;
    %store/vec4 v0x1218171f0_0, 0, 16;
    %pushi/vec4 1, 0, 1;
    %store/vec4 v0x121817290_0, 0, 1;
T_5.1 ;
    %jmp T_5;
    .thread T_5, $push;
    .scope S_0x121816690;
T_6 ;
Ewait_5 .event/or E_0x1218169e0, E_0x0;
    %wait Ewait_5;
    %load/vec4 v0x121816a40_0;
    %pad/u 32;
    %cmpi/u 32768, 0, 32;
    %flag_or 5, 4;
    %jmp/0xz  T_6.0, 5;
    %load/vec4 v0x121816a40_0;
    %store/vec4 v0x121816b00_0, 0, 16;
    %pushi/vec4 0, 0, 1;
    %store/vec4 v0x121816ba0_0, 0, 1;
    %jmp T_6.1;
T_6.0 ;
    %load/vec4 v0x121816a40_0;
    %inv;
    %addi 1, 0, 16;
    %store/vec4 v0x121816b00_0, 0, 16;
    %pushi/vec4 1, 0, 1;
    %store/vec4 v0x121816ba0_0, 0, 1;
T_6.1 ;
    %jmp T_6;
    .thread T_6, $push;
    .scope S_0x121804110;
T_7 ;
    %pushi/vec4 0, 0, 2;
    %store/vec4 v0x12181e9c0_0, 0, 2;
    %pushi/vec4 0, 0, 2;
    %store/vec4 v0x12181ebd0_0, 0, 2;
    %pushi/vec4 0, 0, 1;
    %store/vec4 v0x12181ec80_0, 0, 1;
    %end;
    .thread T_7, $init;
    .scope S_0x121804110;
T_8 ;
    %wait E_0x1218045a0;
    %load/vec4 v0x12181e7e0_0;
    %load/vec4 v0x12181ed20_0;
    %pad/u 4;
    %ix/vec4 4;
    %store/vec4a v0x12181e930, 4, 0;
    %load/vec4 v0x12181e8a0_0;
    %load/vec4 v0x12181edd0_0;
    %pad/u 4;
    %ix/vec4 4;
    %store/vec4a v0x12181e930, 4, 0;
    %load/vec4 v0x12181f050_0;
    %pad/u 32;
    %cmpi/ne 0, 0, 32;
    %jmp/0xz  T_8.0, 4;
    %load/vec4 v0x12181e9c0_0;
    %pushi/vec4 1, 0, 2;
    %ix/getv 4, v0x12181f050_0;
    %shiftl 4;
    %mul;
    %load/vec4 v0x12181ebd0_0;
    %add;
    %load/vec4 v0x12181f280_0;
    %pad/u 2;
    %and;
    %pad/u 1;
    %store/vec4 v0x12181f1e0_0, 0, 1;
T_8.0 ;
    %pushi/vec4 0, 0, 1;
    %ix/getv 4, v0x12181f050_0;
    %store/vec4 v0x12181f1e0_0, 4, 1;
    %load/vec4 v0x12181e9c0_0;
    %pad/u 32;
    %pushi/vec4 2, 0, 32;
    %ix/getv 4, v0x12181f050_0;
    %shiftr 4;
    %cmp/u;
    %flag_get/vec4 5;
    %jmp/0 T_8.4, 5;
    %load/vec4 v0x12181ec80_0;
    %and;
T_8.4;
    %flag_set/vec4 8;
    %jmp/0xz  T_8.2, 8;
    %load/vec4 v0x12181e9c0_0;
    %addi 1, 0, 2;
    %assign/vec4 v0x12181e9c0_0, 0;
T_8.2 ;
    %load/vec4 v0x12181ebd0_0;
    %pad/u 32;
    %pushi/vec4 1, 0, 32;
    %ix/getv 4, v0x12181f050_0;
    %shiftl 4;
    %cmp/u;
    %jmp/0xz  T_8.5, 5;
    %load/vec4 v0x12181ebd0_0;
    %addi 1, 0, 2;
    %assign/vec4 v0x12181ebd0_0, 0;
    %pushi/vec4 0, 0, 1;
    %assign/vec4 v0x12181ec80_0, 0;
    %jmp T_8.6;
T_8.5 ;
    %pushi/vec4 0, 0, 2;
    %assign/vec4 v0x12181ebd0_0, 0;
    %pushi/vec4 1, 0, 1;
    %assign/vec4 v0x12181ec80_0, 0;
T_8.6 ;
    %jmp T_8;
    .thread T_8;
    .scope S_0x1207eb080;
T_9 ;
    %pushi/vec4 0, 0, 1;
    %store/vec4 v0x12181f440_0, 0, 1;
    %end;
    .thread T_9, $init;
    .scope S_0x1207eb080;
T_10 ;
    %vpi_call/w 3 32 "$dumpfile", "dump.vcd" {0 0 0};
    %vpi_call/w 3 33 "$dumpvars", 32'sb00000000000000000000000000000000 {0 0 0};
T_10.0 ;
    %delay 1, 0;
    %load/vec4 v0x12181f440_0;
    %inv;
    %store/vec4 v0x12181f440_0, 0, 1;
    %jmp T_10.0;
    %end;
    .thread T_10;
    .scope S_0x1207eb080;
T_11 ;
    %delay 100, 0;
    %vpi_call/w 3 40 "$finish" {0 0 0};
    %end;
    .thread T_11;
# The file index is used to find the file name in the following table.
:file_names 12;
    "N/A";
    "<interactive>";
    "-";
    "./tb/FFT_step1_tb.sv";
    "./rtl/FFT_step.sv";
    "./rtl/ButterflyUnit.sv";
    "./rtl/absolute_value.sv";
    "./rtl/twiddleFactorCalculator.sv";
    "./rtl/prepareForFFT.sv";
    "./rtl/scrambleForFFT_tb.sv";
    "./rtl/scrambleForFFT.sv";
    "./rtl/Bit_Reversal.sv";
